Using pre-set license
Built from '2022.3/staging' branch; Version is '2022.3.9f1 (ea401c316338) revision 15351836'; Using compiler version '192829333'; Build Type 'Release'
OS: 'Windows 10  (10.0.19045) 64bit Core' Language: 'en' Physical Memory: 32637 MB
BatchMode: 1, IsHumanControllingUs: 0, StartBugReporterOnCrash: 0, Is64bit: 1, IsPro: 1

COMMAND LINE ARGUMENTS:
C:\Program Files\Unity\Hub\Editor\2022.3.9f1\Editor\Unity.exe
-adb2
-batchMode
-noUpm
-name
AssetImportWorker4
-projectPath
C:/Users/cathr/OneDrive - Nassau BOCES/Documents/prototype3/My project
-logFile
Logs/AssetImportWorker4.log
-srvPort
63917
Successfully changed project path to: C:/Users/cathr/OneDrive - Nassau BOCES/Documents/prototype3/My project
C:/Users/cathr/OneDrive - Nassau BOCES/Documents/prototype3/My project
[UnityMemory] Configuration Parameters - Can be set up in boot.config
    "memorysetup-bucket-allocator-granularity=16"
    "memorysetup-bucket-allocator-bucket-count=8"
    "memorysetup-bucket-allocator-block-size=33554432"
    "memorysetup-bucket-allocator-block-count=8"
    "memorysetup-main-allocator-block-size=16777216"
    "memorysetup-thread-allocator-block-size=16777216"
    "memorysetup-gfx-main-allocator-block-size=16777216"
    "memorysetup-gfx-thread-allocator-block-size=16777216"
    "memorysetup-cache-allocator-block-size=4194304"
    "memorysetup-typetree-allocator-block-size=2097152"
    "memorysetup-profiler-bucket-allocator-granularity=16"
    "memorysetup-profiler-bucket-allocator-bucket-count=8"
    "memorysetup-profiler-bucket-allocator-block-size=33554432"
    "memorysetup-profiler-bucket-allocator-block-count=8"
    "memorysetup-profiler-allocator-block-size=16777216"
    "memorysetup-profiler-editor-allocator-block-size=1048576"
    "memorysetup-temp-allocator-size-main=16777216"
    "memorysetup-job-temp-allocator-block-size=2097152"
    "memorysetup-job-temp-allocator-block-size-background=1048576"
    "memorysetup-job-temp-allocator-reduction-small-platforms=262144"
    "memorysetup-allocator-temp-initial-block-size-main=262144"
    "memorysetup-allocator-temp-initial-block-size-worker=262144"
    "memorysetup-temp-allocator-size-background-worker=32768"
    "memorysetup-temp-allocator-size-job-worker=262144"
    "memorysetup-temp-allocator-size-preload-manager=33554432"
    "memorysetup-temp-allocator-size-nav-mesh-worker=65536"
    "memorysetup-temp-allocator-size-audio-worker=65536"
    "memorysetup-temp-allocator-size-cloud-worker=32768"
    "memorysetup-temp-allocator-size-gi-baking-worker=262144"
    "memorysetup-temp-allocator-size-gfx=262144"
Player connection [1852] Host "[IP] 192.168.1.30 [Port] 0 [Flags] 2 [Guid] 1276869654 [EditorId] 1276869654 [Version] 1048832 [Id] WindowsEditor(7,DESKTOP-I4NJ8SI) [Debug] 1 [PackageName] WindowsEditor [ProjectName] Editor" joined multi-casting on [225.0.0.222:54997]...

Player connection [1852] Host "[IP] 192.168.1.30 [Port] 0 [Flags] 2 [Guid] 1276869654 [EditorId] 1276869654 [Version] 1048832 [Id] WindowsEditor(7,DESKTOP-I4NJ8SI) [Debug] 1 [PackageName] WindowsEditor [ProjectName] Editor" joined alternative multi-casting on [225.0.0.222:34997]...

[Physics::Module] Initialized MultithreadedJobDispatcher with 15 workers.
Refreshing native plugins compatible for Editor in 7.36 ms, found 3 plugins.
Preloading 0 native plugins for Editor in 0.00 ms.
Initialize engine version: 2022.3.9f1 (ea401c316338)
[Subsystems] Discovering subsystems at path C:/Program Files/Unity/Hub/Editor/2022.3.9f1/Editor/Data/Resources/UnitySubsystems
[Subsystems] Discovering subsystems at path C:/Users/cathr/OneDrive - Nassau BOCES/Documents/prototype3/My project/Assets
GfxDevice: creating device client; threaded=0; jobified=0
Direct3D:
    Version:  Direct3D 11.0 [level 11.1]
    Renderer: NVIDIA GeForce RTX 2060 (ID=0x1f08)
    Vendor:   NVIDIA
    VRAM:     5955 MB
    Driver:   32.0.15.6081
Initialize mono
Mono path[0] = 'C:/Program Files/Unity/Hub/Editor/2022.3.9f1/Editor/Data/Managed'
Mono path[1] = 'C:/Program Files/Unity/Hub/Editor/2022.3.9f1/Editor/Data/MonoBleedingEdge/lib/mono/unityjit-win32'
Mono config path = 'C:/Program Files/Unity/Hub/Editor/2022.3.9f1/Editor/Data/MonoBleedingEdge/etc'
Using monoOptions --debugger-agent=transport=dt_socket,embedding=1,server=y,suspend=n,address=127.0.0.1:56796
Begin MonoManager ReloadAssembly
Registering precompiled unity dll's ...
Register platform support module: C:/Program Files/Unity/Hub/Editor/2022.3.9f1/Editor/Data/PlaybackEngines/WebGLSupport/UnityEditor.WebGL.Extensions.dll
Register platform support module: C:/Program Files/Unity/Hub/Editor/2022.3.9f1/Editor/Data/PlaybackEngines/WindowsStandaloneSupport/UnityEditor.WindowsStandalone.Extensions.dll
Registered in 0.008459 seconds.
- Loaded All Assemblies, in  0.305 seconds
Native extension for WindowsStandalone target not found
Native extension for WebGL target not found
Mono: successfully reloaded assembly
- Finished resetting the current domain, in  0.183 seconds
Domain Reload Profiling: 487ms
	BeginReloadAssembly (102ms)
		ExecutionOrderSort (0ms)
		DisableScriptedObjects (0ms)
		BackupInstance (0ms)
		ReleaseScriptingObjects (0ms)
		CreateAndSetChildDomain (1ms)
	RebuildCommonClasses (34ms)
	RebuildNativeTypeToScriptingClass (11ms)
	initialDomainReloadingComplete (53ms)
	LoadAllAssembliesAndSetupDomain (103ms)
		LoadAssemblies (100ms)
		RebuildTransferFunctionScriptingTraits (0ms)
		AnalyzeDomain (101ms)
			TypeCache.Refresh (100ms)
				TypeCache.ScanAssembly (91ms)
			ScanForSourceGeneratedMonoScriptInfo (0ms)
			ResolveRequiredComponents (0ms)
	FinalizeReload (183ms)
		ReleaseScriptCaches (0ms)
		RebuildScriptCaches (0ms)
		SetupLoadedEditorAssemblies (140ms)
			LogAssemblyErrors (0ms)
			InitializePlatformSupportModulesInManaged (9ms)
			SetLoadedEditorAssemblies (4ms)
			RefreshPlugins (0ms)
			BeforeProcessingInitializeOnLoad (2ms)
			ProcessInitializeOnLoadAttributes (93ms)
			ProcessInitializeOnLoadMethodAttributes (33ms)
			AfterProcessingInitializeOnLoad (0ms)
			EditorAssembliesLoaded (0ms)
		ExecutionOrderSort2 (0ms)
		AwakeInstancesAfterBackupRestoration (0ms)
========================================================================
Worker process is ready to serve import requests
Begin MonoManager ReloadAssembly
- Loaded All Assemblies, in  0.463 seconds
Refreshing native plugins compatible for Editor in 2.58 ms, found 3 plugins.
Native extension for WindowsStandalone target not found
Native extension for WebGL target not found
Package Manager log level set to [2]
[Package Manager] Server::EnsureServerProcessIsRunning -- launch failed, reason: Unity was launched with the -noUpm command-line argument
[Package Manager] UpmClient::Send -- Unable to send message (not connected to UPM process).
[Package Manager] Cannot connect to Unity Package Manager local server
Mono: successfully reloaded assembly
- Finished resetting the current domain, in  0.450 seconds
Domain Reload Profiling: 910ms
	BeginReloadAssembly (111ms)
		ExecutionOrderSort (0ms)
		DisableScriptedObjects (4ms)
		BackupInstance (0ms)
		ReleaseScriptingObjects (0ms)
		CreateAndSetChildDomain (15ms)
	RebuildCommonClasses (25ms)
	RebuildNativeTypeToScriptingClass (8ms)
	initialDomainReloadingComplete (33ms)
	LoadAllAssembliesAndSetupDomain (283ms)
		LoadAssemblies (217ms)
		RebuildTransferFunctionScriptingTraits (0ms)
		AnalyzeDomain (130ms)
			TypeCache.Refresh (117ms)
				TypeCache.ScanAssembly (106ms)
			ScanForSourceGeneratedMonoScriptInfo (10ms)
			ResolveRequiredComponents (3ms)
	FinalizeReload (450ms)
		ReleaseScriptCaches (0ms)
		RebuildScriptCaches (0ms)
		SetupLoadedEditorAssemblies (344ms)
			LogAssemblyErrors (0ms)
			InitializePlatformSupportModulesInManaged (6ms)
			SetLoadedEditorAssemblies (3ms)
			RefreshPlugins (0ms)
			BeforeProcessingInitializeOnLoad (48ms)
			ProcessInitializeOnLoadAttributes (265ms)
			ProcessInitializeOnLoadMethodAttributes (14ms)
			AfterProcessingInitializeOnLoad (8ms)
			EditorAssembliesLoaded (0ms)
		ExecutionOrderSort2 (0ms)
		AwakeInstancesAfterBackupRestoration (6ms)
Launched and connected shader compiler UnityShaderCompiler.exe after 0.03 seconds
Refreshing native plugins compatible for Editor in 2.83 ms, found 3 plugins.
Preloading 0 native plugins for Editor in 0.00 ms.
Unloading 3097 Unused Serialized files (Serialized files now loaded: 0)
Unloading 31 unused Assets / (56.6 KB). Loaded Objects now: 3591.
Memory consumption went from 127.8 MB to 127.8 MB.
Total: 2.250400 ms (FindLiveObjects: 0.193800 ms CreateObjectMapping: 0.072700 ms MarkObjects: 1.903700 ms  DeleteObjects: 0.079400 ms)

AssetImportParameters requested are different than current active one (requested -> active):
  custom:container-demuxer-ogg: 62fdf1f143b41e24485cea50d1cbac27 -> 
  custom:video-decoder-ogg-theora: a1e56fd34408186e4bbccfd4996cb3dc -> 
  custom:framework-win-MediaFoundation: 216162199b28c13a410421893ffa2e32 -> 
  custom:CustomObjectIndexerAttribute: 756ad292c208cfabdd7b50bc23989ffe -> 
  custom:container-demuxer-webm: 4f35f7cbe854078d1ac9338744f61a02 -> 
  custom:container-muxer-webm: aa71ff27fc2769a1b78a27578f13a17b -> 
  custom:video-decoder-webm-vp8: 9c59270c3fd7afecdb556c50c9e8de78 -> 
  custom:SearchIndexIgnoredProperties: e643bd26f0fe6173181afceb89e7c659 -> 
  custom:AudioImporter_EditorPlatform: d09bf68614088b80899f8185d706f6e7 -> 
  custom:video-encoder-webm-vp8: eb34c28f22e8b96e1ab97ce403110664 -> 
  custom:audio-decoder-ogg-vorbis: bf7c407c2cedff20999df2af8eb42d56 -> 
  custom:audio-encoder-webm-vorbis: bf7c407c2cedff20999df2af8eb42d56 -> 
========================================================================
Received Import Request.
  Time since last request: 140943.172881 seconds.
  path: Assets/Standard Assets/Environment/SpeedTree/Broadleaf/Broadleaf_Desktop.spm
  artifactKey: Guid(c91c1eb85782d5748ace27eb4d7415bb) Importer(815301076,1909f56bfc062723c751e8b465ee728b)
Start importing Assets/Standard Assets/Environment/SpeedTree/Broadleaf/Broadleaf_Desktop.spm using Guid(c91c1eb85782d5748ace27eb4d7415bb) Importer(815301076,1909f56bfc062723c751e8b465ee728b)  -> (artifact id: '3c6f04c6dcf229e695746f6fefe9cc5a') in 1.770121 seconds
Number of updated asset objects reloaded before import = 0
Number of asset objects unloaded after import = 91
========================================================================
Received Import Request.
  Time since last request: 5.631046 seconds.
  path: Assets/Standard Assets/Environment/Water/Water4/Models/OceanPlane.FBX
  artifactKey: Guid(681e41ee1260343b395ca58745c94870) Importer(815301076,1909f56bfc062723c751e8b465ee728b)
Start importing Assets/Standard Assets/Environment/Water/Water4/Models/OceanPlane.FBX using Guid(681e41ee1260343b395ca58745c94870) Importer(815301076,1909f56bfc062723c751e8b465ee728b)  -> (artifact id: '24f986f2bfef5f769939a29f56866198') in 0.023068 seconds
Number of updated asset objects reloaded before import = 0
Number of asset objects unloaded after import = 9
========================================================================
Received Import Request.
  Time since last request: 0.622773 seconds.
  path: Assets/Tree.prefab
  artifactKey: Guid(8817b9065516603429031dde7ab6ee14) Importer(815301076,1909f56bfc062723c751e8b465ee728b)
Start importing Assets/Tree.prefab using Guid(8817b9065516603429031dde7ab6ee14) Importer(815301076,1909f56bfc062723c751e8b465ee728b)  -> (artifact id: '259dd3f6f8a5df396d4b9200ab0c3cc3') in 0.044536 seconds
Number of updated asset objects reloaded before import = 0
Number of asset objects unloaded after import = 15
========================================================================
Received Import Request.
  Time since last request: 0.014981 seconds.
  path: Assets/Mini Nature Pack/Models/Tree 2.prefab
  artifactKey: Guid(12ff573d21ef578469f7a25c286520fe) Importer(815301076,1909f56bfc062723c751e8b465ee728b)
Start importing Assets/Mini Nature Pack/Models/Tree 2.prefab using Guid(12ff573d21ef578469f7a25c286520fe) Importer(815301076,1909f56bfc062723c751e8b465ee728b)  -> (artifact id: 'cd004b038790b77a34c45dfa27cd7a3b') in 0.034774 seconds
Number of updated asset objects reloaded before import = 0
Number of asset objects unloaded after import = 23
========================================================================
Received Import Request.
  Time since last request: 0.192886 seconds.
  path: Assets/Mini Nature Pack/Models/Tree 4.prefab
  artifactKey: Guid(b2f4adad2b43ef24b9dadde152b742b5) Importer(815301076,1909f56bfc062723c751e8b465ee728b)
Start importing Assets/Mini Nature Pack/Models/Tree 4.prefab using Guid(b2f4adad2b43ef24b9dadde152b742b5) Importer(815301076,1909f56bfc062723c751e8b465ee728b)  -> (artifact id: 'eb5cffe38d39ac288a3ae0748cba930b') in 0.029156 seconds
Number of updated asset objects reloaded before import = 0
Number of asset objects unloaded after import = 20
========================================================================
Received Import Request.
  Time since last request: 0.379105 seconds.
  path: Assets/Mini Nature Pack/Models/Tree 8.prefab
  artifactKey: Guid(bdc6af8f9959f9b4ca9fdeb16c4159d7) Importer(815301076,1909f56bfc062723c751e8b465ee728b)
Start importing Assets/Mini Nature Pack/Models/Tree 8.prefab using Guid(bdc6af8f9959f9b4ca9fdeb16c4159d7) Importer(815301076,1909f56bfc062723c751e8b465ee728b)  -> (artifact id: '97b9c487606eb2a33a6a325e0bd5baf9') in 0.027974 seconds
Number of updated asset objects reloaded before import = 0
Number of asset objects unloaded after import = 23
========================================================================
Received Import Request.
  Time since last request: 0.000013 seconds.
  path: Assets/Standard Assets/Environment/Water/Water4/Prefabs/Water4Advanced.prefab
  artifactKey: Guid(b544816461f324e56a39767fdeb5b114) Importer(815301076,1909f56bfc062723c751e8b465ee728b)
Start importing Assets/Standard Assets/Environment/Water/Water4/Prefabs/Water4Advanced.prefab using Guid(b544816461f324e56a39767fdeb5b114) Importer(815301076,1909f56bfc062723c751e8b465ee728b)  -> (artifact id: '227502237c4f712cdaa75645d3a5675c') in 0.031615 seconds
Number of updated asset objects reloaded before import = 0
Number of asset objects unloaded after import = 35
========================================================================
Received Import Request.
  Time since last request: 37.471101 seconds.
  path: Assets/TerrainData_01e9deb0-6ada-46cb-9171-fac10a5ce799.asset
  artifactKey: Guid(9bb7ff264957cb8438b76b53c1b44eb2) Importer(815301076,1909f56bfc062723c751e8b465ee728b)
Start importing Assets/TerrainData_01e9deb0-6ada-46cb-9171-fac10a5ce799.asset using Guid(9bb7ff264957cb8438b76b53c1b44eb2) Importer(815301076,1909f56bfc062723c751e8b465ee728b)  -> (artifact id: '85ccb11e7446ce9d5fe914df66f15941') in 0.004517 seconds
Number of updated asset objects reloaded before import = 0
Number of asset objects unloaded after import = 1
========================================================================
Received Import Request.
  Time since last request: 0.000012 seconds.
  path: Assets/TerrainData_52492e2b-2c56-42db-974e-17744de9ce51.asset
  artifactKey: Guid(4b7bd5a6c915c4a46a78aa657093d8e9) Importer(815301076,1909f56bfc062723c751e8b465ee728b)
Start importing Assets/TerrainData_52492e2b-2c56-42db-974e-17744de9ce51.asset using Guid(4b7bd5a6c915c4a46a78aa657093d8e9) Importer(815301076,1909f56bfc062723c751e8b465ee728b)  -> (artifact id: '6a05ae1a7c35fb806431826de19061ef') in 0.004353 seconds
Number of updated asset objects reloaded before import = 0
Number of asset objects unloaded after import = 1
========================================================================
Received Import Request.
  Time since last request: 0.000010 seconds.
  path: Assets/TerrainData_84cf5f0f-cb15-4832-ba75-5da4af815a31.asset
  artifactKey: Guid(3ad9b281516084841ba7aa475a6e14c0) Importer(815301076,1909f56bfc062723c751e8b465ee728b)
Start importing Assets/TerrainData_84cf5f0f-cb15-4832-ba75-5da4af815a31.asset using Guid(3ad9b281516084841ba7aa475a6e14c0) Importer(815301076,1909f56bfc062723c751e8b465ee728b)  -> (artifact id: '19dc509c42adedb8d5d1d82327681130') in 0.004259 seconds
Number of updated asset objects reloaded before import = 0
Number of asset objects unloaded after import = 1
========================================================================
Received Import Request.
  Time since last request: 0.000010 seconds.
  path: Assets/TerrainData_525dd0fb-be19-4b0e-84d4-06a854474c66.asset
  artifactKey: Guid(b431ff4652c7d4b47b2a83e381a6aa02) Importer(815301076,1909f56bfc062723c751e8b465ee728b)
Start importing Assets/TerrainData_525dd0fb-be19-4b0e-84d4-06a854474c66.asset using Guid(b431ff4652c7d4b47b2a83e381a6aa02) Importer(815301076,1909f56bfc062723c751e8b465ee728b)  -> (artifact id: 'fa4dbc25286e258c20d7d699f45e58f3') in 0.004037 seconds
Number of updated asset objects reloaded before import = 0
Number of asset objects unloaded after import = 1
========================================================================
Received Import Request.
  Time since last request: 68.324297 seconds.
  path: Assets/Standard Assets/Environment/Water/Water4/Prefabs/Water4Simple.prefab
  artifactKey: Guid(843740dbe549a4a6ba9556d1b80001f5) Importer(815301076,1909f56bfc062723c751e8b465ee728b)
Start importing Assets/Standard Assets/Environment/Water/Water4/Prefabs/Water4Simple.prefab using Guid(843740dbe549a4a6ba9556d1b80001f5) Importer(815301076,1909f56bfc062723c751e8b465ee728b)  -> (artifact id: 'c44317b5ea60f8b54c14376531d74a87') in 0.018989 seconds
Number of updated asset objects reloaded before import = 0
Number of asset objects unloaded after import = 24
========================================================================
Received Import Request.
  Time since last request: 0.820673 seconds.
  path: Assets/Standard Assets/Environment/Water (Basic)/Prefabs/WaterBasicNightime.prefab
  artifactKey: Guid(6b436d069d11415d1100ab9b44295342) Importer(815301076,1909f56bfc062723c751e8b465ee728b)
Start importing Assets/Standard Assets/Environment/Water (Basic)/Prefabs/WaterBasicNightime.prefab using Guid(6b436d069d11415d1100ab9b44295342) Importer(815301076,1909f56bfc062723c751e8b465ee728b)  -> (artifact id: 'ee4d9e8657a1eb9f692141d11ec3ffdc') in 0.016357 seconds
Number of updated asset objects reloaded before import = 0
Number of asset objects unloaded after import = 11
========================================================================
Received Import Request.
  Time since last request: 0.268552 seconds.
  path: Assets/Standard Assets/Environment/Water/Water/Models/WaterPlane.fbx
  artifactKey: Guid(ba6a41dc489914734857bb5924eb70ad) Importer(815301076,1909f56bfc062723c751e8b465ee728b)
Start importing Assets/Standard Assets/Environment/Water/Water/Models/WaterPlane.fbx using Guid(ba6a41dc489914734857bb5924eb70ad) Importer(815301076,1909f56bfc062723c751e8b465ee728b)  -> (artifact id: '6ffbc6d9d2ceb85503739e1546c61b0e') in 0.029548 seconds
Number of updated asset objects reloaded before import = 0
Number of asset objects unloaded after import = 9
========================================================================
Received Import Request.
  Time since last request: 0.532836 seconds.
  path: Assets/Standard Assets/Environment/Water/Water/Prefabs/WaterProNighttime.prefab
  artifactKey: Guid(bcae914220acd4907840a029bb9d9aec) Importer(815301076,1909f56bfc062723c751e8b465ee728b)
Start importing Assets/Standard Assets/Environment/Water/Water/Prefabs/WaterProNighttime.prefab using Guid(bcae914220acd4907840a029bb9d9aec) Importer(815301076,1909f56bfc062723c751e8b465ee728b)  -> (artifact id: '6ad86b1cea16487009adfff75811d1b2') in 0.022805 seconds
Number of updated asset objects reloaded before import = 0
Number of asset objects unloaded after import = 12
========================================================================
Received Import Request.
  Time since last request: 309.243229 seconds.
  path: Assets/Standard Assets/Environment/SpeedTree/Broadleaf/Broadleaf_Desktop_Atlas.tga
  artifactKey: Guid(d20e5329bb2905844a1ae38b80640d3f) Importer(815301076,1909f56bfc062723c751e8b465ee728b)
Start importing Assets/Standard Assets/Environment/SpeedTree/Broadleaf/Broadleaf_Desktop_Atlas.tga using Guid(d20e5329bb2905844a1ae38b80640d3f) Importer(815301076,1909f56bfc062723c751e8b465ee728b)  -> (artifact id: '955dd8479d15bb33f287f489c75ba5ce') in 0.025529 seconds
Number of updated asset objects reloaded before import = 0
Number of asset objects unloaded after import = 2
========================================================================
Received Import Request.
  Time since last request: 0.000025 seconds.
  path: Assets/Standard Assets/Environment/SpeedTree/Broadleaf/Broadleaf_Desktop_Atlas_Specular.tga
  artifactKey: Guid(d954891cb9e58434d86e01d839ed4997) Importer(815301076,1909f56bfc062723c751e8b465ee728b)
Start importing Assets/Standard Assets/Environment/SpeedTree/Broadleaf/Broadleaf_Desktop_Atlas_Specular.tga using Guid(d954891cb9e58434d86e01d839ed4997) Importer(815301076,1909f56bfc062723c751e8b465ee728b)  -> (artifact id: '2bbf54e642ef5438ba3a14e5bc38821f') in 0.026176 seconds
Number of updated asset objects reloaded before import = 0
Number of asset objects unloaded after import = 2
========================================================================
Received Import Request.
  Time since last request: 0.000027 seconds.
  path: Assets/Standard Assets/Environment/SpeedTree/Broadleaf/Broadleaf_Mobile_Atlas_Billboards.tga
  artifactKey: Guid(bc6e7e1374ff3e1459f65bf72da64c85) Importer(815301076,1909f56bfc062723c751e8b465ee728b)
Start importing Assets/Standard Assets/Environment/SpeedTree/Broadleaf/Broadleaf_Mobile_Atlas_Billboards.tga using Guid(bc6e7e1374ff3e1459f65bf72da64c85) Importer(815301076,1909f56bfc062723c751e8b465ee728b)  -> (artifact id: 'b0395e591566a76c837f4427f8fc59a3') in 0.019241 seconds
Number of updated asset objects reloaded before import = 0
Number of asset objects unloaded after import = 2
========================================================================
Received Import Request.
  Time since last request: 0.000032 seconds.
  path: Assets/Standard Assets/Environment/SpeedTree/Broadleaf/Broadleaf_Mobile_Atlas.tga
  artifactKey: Guid(2c116325e19b8a04d916864cc540ec2d) Importer(815301076,1909f56bfc062723c751e8b465ee728b)
Start importing Assets/Standard Assets/Environment/SpeedTree/Broadleaf/Broadleaf_Mobile_Atlas.tga using Guid(2c116325e19b8a04d916864cc540ec2d) Importer(815301076,1909f56bfc062723c751e8b465ee728b)  -> (artifact id: 'f4a7e58a8b3acd1c1f465b814abb5b31') in 0.023711 seconds
Number of updated asset objects reloaded before import = 0
Number of asset objects unloaded after import = 2
========================================================================
Received Import Request.
  Time since last request: 0.729238 seconds.
  path: Assets/Standard Assets/Environment/SpeedTree/Broadleaf/Broadleaf_Mobile_Atlas_Normal.tga
  artifactKey: Guid(be053ea3235ccb64a889bf0b15c2764b) Importer(815301076,1909f56bfc062723c751e8b465ee728b)
Start importing Assets/Standard Assets/Environment/SpeedTree/Broadleaf/Broadleaf_Mobile_Atlas_Normal.tga using Guid(be053ea3235ccb64a889bf0b15c2764b) Importer(815301076,1909f56bfc062723c751e8b465ee728b)  -> (artifact id: '5afdd7e59d8f066664a5f938718a863a') in 0.021724 seconds
Number of updated asset objects reloaded before import = 0
Number of asset objects unloaded after import = 2
========================================================================
Received Import Request.
  Time since last request: 0.191809 seconds.
  path: Assets/Mini Nature Pack/Models/Tree 10_Textures/shadow.png
  artifactKey: Guid(944028596c27dcd4ebad443e07cf9eb7) Importer(815301076,1909f56bfc062723c751e8b465ee728b)
Start importing Assets/Mini Nature Pack/Models/Tree 10_Textures/shadow.png using Guid(944028596c27dcd4ebad443e07cf9eb7) Importer(815301076,1909f56bfc062723c751e8b465ee728b)  -> (artifact id: 'fb8710989b30ce05c0f968ddace88bd6') in 0.019253 seconds
Number of updated asset objects reloaded before import = 0
Number of asset objects unloaded after import = 2
========================================================================
Received Import Request.
  Time since last request: 0.000017 seconds.
  path: Assets/Mini Nature Pack/Models/Tree 5_Textures/shadow.png
  artifactKey: Guid(755aa0b794ccf754aa41e9890e302057) Importer(815301076,1909f56bfc062723c751e8b465ee728b)
Start importing Assets/Mini Nature Pack/Models/Tree 5_Textures/shadow.png using Guid(755aa0b794ccf754aa41e9890e302057) Importer(815301076,1909f56bfc062723c751e8b465ee728b)  -> (artifact id: '54c0b9b1d27fe401819e6d0c3eee3e91') in 0.021260 seconds
Number of updated asset objects reloaded before import = 0
Number of asset objects unloaded after import = 2
========================================================================
Received Import Request.
  Time since last request: 0.005601 seconds.
  path: Assets/Mini Nature Pack/Models/Tree 7_Textures/shadow.png
  artifactKey: Guid(c2bd7fd959d903f45a9ff4751b667fed) Importer(815301076,1909f56bfc062723c751e8b465ee728b)
Start importing Assets/Mini Nature Pack/Models/Tree 7_Textures/shadow.png using Guid(c2bd7fd959d903f45a9ff4751b667fed) Importer(815301076,1909f56bfc062723c751e8b465ee728b)  -> (artifact id: '00e8ae865b34c230cb3617f61c60446a') in 0.019239 seconds
Number of updated asset objects reloaded before import = 0
Number of asset objects unloaded after import = 2
========================================================================
Received Import Request.
  Time since last request: 0.000471 seconds.
  path: Assets/Mini Nature Pack/Models/Tree 6_Textures/shadow.png
  artifactKey: Guid(7ce2e5a2154785845979f1367168a86f) Importer(815301076,1909f56bfc062723c751e8b465ee728b)
Start importing Assets/Mini Nature Pack/Models/Tree 6_Textures/shadow.png using Guid(7ce2e5a2154785845979f1367168a86f) Importer(815301076,1909f56bfc062723c751e8b465ee728b)  -> (artifact id: '877eba4d9fbca65deef04ff120743063') in 0.018018 seconds
Number of updated asset objects reloaded before import = 0
Number of asset objects unloaded after import = 2
========================================================================
Received Import Request.
  Time since last request: 0.017603 seconds.
  path: Assets/Mini Nature Pack/Models/Tree 3_Textures/shadow.png
  artifactKey: Guid(5799cd9e4f6db9c4c93ce32039d6f5a8) Importer(815301076,1909f56bfc062723c751e8b465ee728b)
Start importing Assets/Mini Nature Pack/Models/Tree 3_Textures/shadow.png using Guid(5799cd9e4f6db9c4c93ce32039d6f5a8) Importer(815301076,1909f56bfc062723c751e8b465ee728b)  -> (artifact id: 'a2295a3a0cef74216a0de92445a9854d') in 0.017469 seconds
Number of updated asset objects reloaded before import = 0
Number of asset objects unloaded after import = 2
========================================================================
Received Import Request.
  Time since last request: 0.015984 seconds.
  path: Assets/Mini Nature Pack/Models/Bush3_Textures/shadow.png
  artifactKey: Guid(64663f19f166d4c40a77583b8dfd2e97) Importer(815301076,1909f56bfc062723c751e8b465ee728b)
Start importing Assets/Mini Nature Pack/Models/Bush3_Textures/shadow.png using Guid(64663f19f166d4c40a77583b8dfd2e97) Importer(815301076,1909f56bfc062723c751e8b465ee728b)  -> (artifact id: '2ea97cc62864121a07fefd2eb0d2a1ef') in 0.017596 seconds
Number of updated asset objects reloaded before import = 0
Number of asset objects unloaded after import = 2
========================================================================
Received Import Request.
  Time since last request: 0.208869 seconds.
  path: Assets/Mini Nature Pack/Models/Bush5_Textures/shadow.png
  artifactKey: Guid(af9fda1480a56d548aa2f312bfddce60) Importer(815301076,1909f56bfc062723c751e8b465ee728b)
Start importing Assets/Mini Nature Pack/Models/Bush5_Textures/shadow.png using Guid(af9fda1480a56d548aa2f312bfddce60) Importer(815301076,1909f56bfc062723c751e8b465ee728b)  -> (artifact id: '0ef57a6205e58296552f637ff0c10d00') in 0.018280 seconds
Number of updated asset objects reloaded before import = 0
Number of asset objects unloaded after import = 2
========================================================================
Received Import Request.
  Time since last request: 0.066866 seconds.
  path: Assets/Mini Nature Pack/Models/Bush4_Textures/shadow.png
  artifactKey: Guid(84e2af603ecb14c47bb6d1cc30afc044) Importer(815301076,1909f56bfc062723c751e8b465ee728b)
Start importing Assets/Mini Nature Pack/Models/Bush4_Textures/shadow.png using Guid(84e2af603ecb14c47bb6d1cc30afc044) Importer(815301076,1909f56bfc062723c751e8b465ee728b)  -> (artifact id: '930a5c0fc53b614d544cf69280667d0f') in 0.018758 seconds
Number of updated asset objects reloaded before import = 0
Number of asset objects unloaded after import = 2
========================================================================
Received Import Request.
  Time since last request: 0.247282 seconds.
  path: Assets/Mini Nature Pack/Scenery Textures/Tree_Branch_1_SHADOW.psd
  artifactKey: Guid(8f28d27544cfd2c4e8ef3a3f8730213e) Importer(815301076,1909f56bfc062723c751e8b465ee728b)
Start importing Assets/Mini Nature Pack/Scenery Textures/Tree_Branch_1_SHADOW.psd using Guid(8f28d27544cfd2c4e8ef3a3f8730213e) Importer(815301076,1909f56bfc062723c751e8b465ee728b)  -> (artifact id: '0e733f88085f95f09d88ab5240942f8c') in 0.022610 seconds
Number of updated asset objects reloaded before import = 0
Number of asset objects unloaded after import = 2
========================================================================
Received Import Request.
  Time since last request: 0.032810 seconds.
  path: Assets/Mini Nature Pack/Scenery Textures/Tree_Branch_4_SHADOW.psd
  artifactKey: Guid(2dfd552ff7ffdd04a96b1a377fff78b3) Importer(815301076,1909f56bfc062723c751e8b465ee728b)
Start importing Assets/Mini Nature Pack/Scenery Textures/Tree_Branch_4_SHADOW.psd using Guid(2dfd552ff7ffdd04a96b1a377fff78b3) Importer(815301076,1909f56bfc062723c751e8b465ee728b)  -> (artifact id: 'd3883295c0af0a92fff47b827103b201') in 0.018646 seconds
Number of updated asset objects reloaded before import = 0
Number of asset objects unloaded after import = 2
TcpMessagingSession - receive error
AssetImportWorkerClient::OnTransportError - code=10054 error=An existing connection was forcibly closed by the remote host.
