Using pre-set license
Built from '2022.3/staging' branch; Version is '2022.3.9f1 (ea401c316338) revision 15351836'; Using compiler version '192829333'; Build Type 'Release'
OS: 'Windows 10  (10.0.19045) 64bit Core' Language: 'en' Physical Memory: 32637 MB
BatchMode: 1, IsHumanControllingUs: 0, StartBugReporterOnCrash: 0, Is64bit: 1, IsPro: 1

COMMAND LINE ARGUMENTS:
C:\Program Files\Unity\Hub\Editor\2022.3.9f1\Editor\Unity.exe
-adb2
-batchMode
-noUpm
-name
AssetImportWorker2
-projectPath
C:/Users/cathr/OneDrive - Nassau BOCES/Documents/prototype3/My project
-logFile
Logs/AssetImportWorker2.log
-srvPort
65404
Successfully changed project path to: C:/Users/cathr/OneDrive - Nassau BOCES/Documents/prototype3/My project
C:/Users/cathr/OneDrive - Nassau BOCES/Documents/prototype3/My project
[UnityMemory] Configuration Parameters - Can be set up in boot.config
    "memorysetup-bucket-allocator-granularity=16"
    "memorysetup-bucket-allocator-bucket-count=8"
    "memorysetup-bucket-allocator-block-size=33554432"
    "memorysetup-bucket-allocator-block-count=8"
    "memorysetup-main-allocator-block-size=16777216"
    "memorysetup-thread-allocator-block-size=16777216"
    "memorysetup-gfx-main-allocator-block-size=16777216"
    "memorysetup-gfx-thread-allocator-block-size=16777216"
    "memorysetup-cache-allocator-block-size=4194304"
    "memorysetup-typetree-allocator-block-size=2097152"
    "memorysetup-profiler-bucket-allocator-granularity=16"
    "memorysetup-profiler-bucket-allocator-bucket-count=8"
    "memorysetup-profiler-bucket-allocator-block-size=33554432"
    "memorysetup-profiler-bucket-allocator-block-count=8"
    "memorysetup-profiler-allocator-block-size=16777216"
    "memorysetup-profiler-editor-allocator-block-size=1048576"
    "memorysetup-temp-allocator-size-main=16777216"
    "memorysetup-job-temp-allocator-block-size=2097152"
    "memorysetup-job-temp-allocator-block-size-background=1048576"
    "memorysetup-job-temp-allocator-reduction-small-platforms=262144"
    "memorysetup-allocator-temp-initial-block-size-main=262144"
    "memorysetup-allocator-temp-initial-block-size-worker=262144"
    "memorysetup-temp-allocator-size-background-worker=32768"
    "memorysetup-temp-allocator-size-job-worker=262144"
    "memorysetup-temp-allocator-size-preload-manager=33554432"
    "memorysetup-temp-allocator-size-nav-mesh-worker=65536"
    "memorysetup-temp-allocator-size-audio-worker=65536"
    "memorysetup-temp-allocator-size-cloud-worker=32768"
    "memorysetup-temp-allocator-size-gi-baking-worker=262144"
    "memorysetup-temp-allocator-size-gfx=262144"
Player connection [5704] Host "[IP] 192.168.1.30 [Port] 0 [Flags] 2 [Guid] 4134461540 [EditorId] 4134461540 [Version] 1048832 [Id] WindowsEditor(7,DESKTOP-I4NJ8SI) [Debug] 1 [PackageName] WindowsEditor [ProjectName] Editor" joined multi-casting on [225.0.0.222:54997]...

Player connection [5704] Host "[IP] 192.168.1.30 [Port] 0 [Flags] 2 [Guid] 4134461540 [EditorId] 4134461540 [Version] 1048832 [Id] WindowsEditor(7,DESKTOP-I4NJ8SI) [Debug] 1 [PackageName] WindowsEditor [ProjectName] Editor" joined alternative multi-casting on [225.0.0.222:34997]...

[Physics::Module] Initialized MultithreadedJobDispatcher with 15 workers.
Refreshing native plugins compatible for Editor in 6.09 ms, found 3 plugins.
Preloading 0 native plugins for Editor in 0.00 ms.
Initialize engine version: 2022.3.9f1 (ea401c316338)
[Subsystems] Discovering subsystems at path C:/Program Files/Unity/Hub/Editor/2022.3.9f1/Editor/Data/Resources/UnitySubsystems
[Subsystems] Discovering subsystems at path C:/Users/cathr/OneDrive - Nassau BOCES/Documents/prototype3/My project/Assets
GfxDevice: creating device client; threaded=0; jobified=0
Direct3D:
    Version:  Direct3D 11.0 [level 11.1]
    Renderer: NVIDIA GeForce RTX 2060 (ID=0x1f08)
    Vendor:   NVIDIA
    VRAM:     5955 MB
    Driver:   32.0.15.6081
Initialize mono
Mono path[0] = 'C:/Program Files/Unity/Hub/Editor/2022.3.9f1/Editor/Data/Managed'
Mono path[1] = 'C:/Program Files/Unity/Hub/Editor/2022.3.9f1/Editor/Data/MonoBleedingEdge/lib/mono/unityjit-win32'
Mono config path = 'C:/Program Files/Unity/Hub/Editor/2022.3.9f1/Editor/Data/MonoBleedingEdge/etc'
Using monoOptions --debugger-agent=transport=dt_socket,embedding=1,server=y,suspend=n,address=127.0.0.1:56492
Begin MonoManager ReloadAssembly
Registering precompiled unity dll's ...
Register platform support module: C:/Program Files/Unity/Hub/Editor/2022.3.9f1/Editor/Data/PlaybackEngines/WebGLSupport/UnityEditor.WebGL.Extensions.dll
Register platform support module: C:/Program Files/Unity/Hub/Editor/2022.3.9f1/Editor/Data/PlaybackEngines/WindowsStandaloneSupport/UnityEditor.WindowsStandalone.Extensions.dll
Registered in 0.008067 seconds.
- Loaded All Assemblies, in  0.275 seconds
Native extension for WindowsStandalone target not found
Native extension for WebGL target not found
Mono: successfully reloaded assembly
- Finished resetting the current domain, in  0.193 seconds
Domain Reload Profiling: 466ms
	BeginReloadAssembly (83ms)
		ExecutionOrderSort (0ms)
		DisableScriptedObjects (0ms)
		BackupInstance (0ms)
		ReleaseScriptingObjects (0ms)
		CreateAndSetChildDomain (1ms)
	RebuildCommonClasses (26ms)
	RebuildNativeTypeToScriptingClass (8ms)
	initialDomainReloadingComplete (48ms)
	LoadAllAssembliesAndSetupDomain (108ms)
		LoadAssemblies (82ms)
		RebuildTransferFunctionScriptingTraits (0ms)
		AnalyzeDomain (106ms)
			TypeCache.Refresh (105ms)
				TypeCache.ScanAssembly (96ms)
			ScanForSourceGeneratedMonoScriptInfo (0ms)
			ResolveRequiredComponents (0ms)
	FinalizeReload (193ms)
		ReleaseScriptCaches (0ms)
		RebuildScriptCaches (0ms)
		SetupLoadedEditorAssemblies (146ms)
			LogAssemblyErrors (0ms)
			InitializePlatformSupportModulesInManaged (8ms)
			SetLoadedEditorAssemblies (4ms)
			RefreshPlugins (0ms)
			BeforeProcessingInitializeOnLoad (2ms)
			ProcessInitializeOnLoadAttributes (96ms)
			ProcessInitializeOnLoadMethodAttributes (36ms)
			AfterProcessingInitializeOnLoad (0ms)
			EditorAssembliesLoaded (0ms)
		ExecutionOrderSort2 (0ms)
		AwakeInstancesAfterBackupRestoration (0ms)
========================================================================
Worker process is ready to serve import requests
Begin MonoManager ReloadAssembly
- Loaded All Assemblies, in  0.478 seconds
Refreshing native plugins compatible for Editor in 2.50 ms, found 3 plugins.
Native extension for WindowsStandalone target not found
Native extension for WebGL target not found
Package Manager log level set to [2]
[Package Manager] Server::EnsureServerProcessIsRunning -- launch failed, reason: Unity was launched with the -noUpm command-line argument
[Package Manager] UpmClient::Send -- Unable to send message (not connected to UPM process).
[Package Manager] Cannot connect to Unity Package Manager local server
Mono: successfully reloaded assembly
- Finished resetting the current domain, in  0.462 seconds
Domain Reload Profiling: 938ms
	BeginReloadAssembly (113ms)
		ExecutionOrderSort (0ms)
		DisableScriptedObjects (4ms)
		BackupInstance (0ms)
		ReleaseScriptingObjects (0ms)
		CreateAndSetChildDomain (15ms)
	RebuildCommonClasses (29ms)
	RebuildNativeTypeToScriptingClass (8ms)
	initialDomainReloadingComplete (35ms)
	LoadAllAssembliesAndSetupDomain (289ms)
		LoadAssemblies (226ms)
		RebuildTransferFunctionScriptingTraits (0ms)
		AnalyzeDomain (132ms)
			TypeCache.Refresh (118ms)
				TypeCache.ScanAssembly (106ms)
			ScanForSourceGeneratedMonoScriptInfo (10ms)
			ResolveRequiredComponents (3ms)
	FinalizeReload (463ms)
		ReleaseScriptCaches (0ms)
		RebuildScriptCaches (0ms)
		SetupLoadedEditorAssemblies (351ms)
			LogAssemblyErrors (0ms)
			InitializePlatformSupportModulesInManaged (6ms)
			SetLoadedEditorAssemblies (3ms)
			RefreshPlugins (0ms)
			BeforeProcessingInitializeOnLoad (48ms)
			ProcessInitializeOnLoadAttributes (274ms)
			ProcessInitializeOnLoadMethodAttributes (14ms)
			AfterProcessingInitializeOnLoad (6ms)
			EditorAssembliesLoaded (0ms)
		ExecutionOrderSort2 (0ms)
		AwakeInstancesAfterBackupRestoration (5ms)
Launched and connected shader compiler UnityShaderCompiler.exe after 0.04 seconds
Refreshing native plugins compatible for Editor in 2.40 ms, found 3 plugins.
Preloading 0 native plugins for Editor in 0.00 ms.
Unloading 3098 Unused Serialized files (Serialized files now loaded: 0)
Unloading 31 unused Assets / (56.5 KB). Loaded Objects now: 3596.
Memory consumption went from 131.6 MB to 131.5 MB.
Total: 2.160500 ms (FindLiveObjects: 0.193700 ms CreateObjectMapping: 0.107700 ms MarkObjects: 1.775100 ms  DeleteObjects: 0.083400 ms)

AssetImportParameters requested are different than current active one (requested -> active):
  custom:container-demuxer-ogg: 62fdf1f143b41e24485cea50d1cbac27 -> 
  custom:video-decoder-ogg-theora: a1e56fd34408186e4bbccfd4996cb3dc -> 
  custom:framework-win-MediaFoundation: 216162199b28c13a410421893ffa2e32 -> 
  custom:CustomObjectIndexerAttribute: 756ad292c208cfabdd7b50bc23989ffe -> 
  custom:container-demuxer-webm: 4f35f7cbe854078d1ac9338744f61a02 -> 
  custom:container-muxer-webm: aa71ff27fc2769a1b78a27578f13a17b -> 
  custom:video-decoder-webm-vp8: 9c59270c3fd7afecdb556c50c9e8de78 -> 
  custom:SearchIndexIgnoredProperties: e643bd26f0fe6173181afceb89e7c659 -> 
  custom:AudioImporter_EditorPlatform: d09bf68614088b80899f8185d706f6e7 -> 
  custom:video-encoder-webm-vp8: eb34c28f22e8b96e1ab97ce403110664 -> 
  custom:audio-decoder-ogg-vorbis: bf7c407c2cedff20999df2af8eb42d56 -> 
  custom:audio-encoder-webm-vorbis: bf7c407c2cedff20999df2af8eb42d56 -> 
========================================================================
Received Import Request.
  Time since last request: 150061.078666 seconds.
  path: Assets/materials/hardwood-brown-planks-unity/New Material.mat
  artifactKey: Guid(f81bbce2f8383bd48840f5d7f1030984) Importer(815301076,1909f56bfc062723c751e8b465ee728b)
Start importing Assets/materials/hardwood-brown-planks-unity/New Material.mat using Guid(f81bbce2f8383bd48840f5d7f1030984) Importer(815301076,1909f56bfc062723c751e8b465ee728b)  -> (artifact id: '76c9dd284fb3b25a7e31f7140494c677') in 0.087111 seconds
Number of updated asset objects reloaded before import = 0
Number of asset objects unloaded after import = 1
========================================================================
Received Import Request.
  Time since last request: 20.290849 seconds.
  path: Assets/materials/hardwood-brown-planks-unity/hardwood-brown-planks-normal-ogl.png
  artifactKey: Guid(1355b4dd3c0147549933bdfe2972c5d8) Importer(815301076,1909f56bfc062723c751e8b465ee728b)
Start importing Assets/materials/hardwood-brown-planks-unity/hardwood-brown-planks-normal-ogl.png using Guid(1355b4dd3c0147549933bdfe2972c5d8) Importer(815301076,1909f56bfc062723c751e8b465ee728b)  -> (artifact id: 'bc38171f87ad517b1328f308e48b1453') in 0.031736 seconds
Number of updated asset objects reloaded before import = 0
Number of asset objects unloaded after import = 2
========================================================================
Received Import Request.
  Time since last request: 5.332683 seconds.
  path: Assets/materials/oak-wood-bare-unity
  artifactKey: Guid(8b11c6871c66cf84e87150db97dca45b) Importer(815301076,1909f56bfc062723c751e8b465ee728b)
Start importing Assets/materials/oak-wood-bare-unity using Guid(8b11c6871c66cf84e87150db97dca45b) Importer(815301076,1909f56bfc062723c751e8b465ee728b)  -> (artifact id: 'c6155276cd69993f1c9886256cb20384') in 0.000539 seconds
Number of updated asset objects reloaded before import = 0
Number of asset objects unloaded after import = 0
========================================================================
Received Import Request.
  Time since last request: 0.092472 seconds.
  path: Assets/materials/oak-wood-bare-unity/oak-wood-bare_albedo.png
  artifactKey: Guid(fd0cdc92f2e0687439c22b57359b474a) Importer(815301076,1909f56bfc062723c751e8b465ee728b)
Start importing Assets/materials/oak-wood-bare-unity/oak-wood-bare_albedo.png using Guid(fd0cdc92f2e0687439c22b57359b474a) Importer(815301076,1909f56bfc062723c751e8b465ee728b)  -> (artifact id: 'cc2b5c10c0ac55a4a9ba3ed6b119d7fc') in 0.020914 seconds
Number of updated asset objects reloaded before import = 0
Number of asset objects unloaded after import = 2
========================================================================
Received Import Request.
  Time since last request: 0.000012 seconds.
  path: Assets/materials/oak-wood-bare-unity/oak-wood-bare_normal-ogl.png
  artifactKey: Guid(d4021e2f4f353a54c8b2c3512aeb7523) Importer(815301076,1909f56bfc062723c751e8b465ee728b)
Start importing Assets/materials/oak-wood-bare-unity/oak-wood-bare_normal-ogl.png using Guid(d4021e2f4f353a54c8b2c3512aeb7523) Importer(815301076,1909f56bfc062723c751e8b465ee728b)  -> (artifact id: '57cdfadff6c3c04b5fc5d853e4f632ae') in 0.021088 seconds
Number of updated asset objects reloaded before import = 0
Number of asset objects unloaded after import = 2
========================================================================
Received Import Request.
  Time since last request: 8.403479 seconds.
  path: Assets/materials/oak-wood-bare-unity/New Material.mat
  artifactKey: Guid(88655047815ad2842997c04e91cb44af) Importer(815301076,1909f56bfc062723c751e8b465ee728b)
Start importing Assets/materials/oak-wood-bare-unity/New Material.mat using Guid(88655047815ad2842997c04e91cb44af) Importer(815301076,1909f56bfc062723c751e8b465ee728b)  -> (artifact id: 'ce7b8900be320af680055b19c16d4602') in 0.010633 seconds
Number of updated asset objects reloaded before import = 0
Number of asset objects unloaded after import = 1
========================================================================
Received Import Request.
  Time since last request: 13.834707 seconds.
  path: Assets/materials/oak-wood-bare-unity/oak-wood-bare_normal-ogl.png
  artifactKey: Guid(d4021e2f4f353a54c8b2c3512aeb7523) Importer(815301076,1909f56bfc062723c751e8b465ee728b)
Start importing Assets/materials/oak-wood-bare-unity/oak-wood-bare_normal-ogl.png using Guid(d4021e2f4f353a54c8b2c3512aeb7523) Importer(815301076,1909f56bfc062723c751e8b465ee728b)  -> (artifact id: '450671982cf63bc547d82fe2fa2e81b8') in 0.018247 seconds
Number of updated asset objects reloaded before import = 0
Number of asset objects unloaded after import = 2
========================================================================
Received Import Request.
  Time since last request: 2.414215 seconds.
  path: Assets/materials/older-wood-flooring-unity
  artifactKey: Guid(486d304f7c65c114ab264ae6069589d5) Importer(815301076,1909f56bfc062723c751e8b465ee728b)
Start importing Assets/materials/older-wood-flooring-unity using Guid(486d304f7c65c114ab264ae6069589d5) Importer(815301076,1909f56bfc062723c751e8b465ee728b)  -> (artifact id: 'da8412c770b12ebf15c730551e92ad0d') in 0.000588 seconds
Number of updated asset objects reloaded before import = 0
Number of asset objects unloaded after import = 0
========================================================================
Received Import Request.
  Time since last request: 0.199017 seconds.
  path: Assets/materials/older-wood-flooring-unity/older-wood-flooring_albedo.png
  artifactKey: Guid(16cabcfded0957a4a96efa2ee8a3c9fc) Importer(815301076,1909f56bfc062723c751e8b465ee728b)
Start importing Assets/materials/older-wood-flooring-unity/older-wood-flooring_albedo.png using Guid(16cabcfded0957a4a96efa2ee8a3c9fc) Importer(815301076,1909f56bfc062723c751e8b465ee728b)  -> (artifact id: '8cf25ce100fb324c1a727a4cd2b3a07c') in 0.019974 seconds
Number of updated asset objects reloaded before import = 0
Number of asset objects unloaded after import = 2
========================================================================
Received Import Request.
  Time since last request: 0.000017 seconds.
  path: Assets/materials/older-wood-flooring-unity/older-wood-flooring_metallic.psd
  artifactKey: Guid(90283d728c9b6624ca2e5b738ebb00de) Importer(815301076,1909f56bfc062723c751e8b465ee728b)
Start importing Assets/materials/older-wood-flooring-unity/older-wood-flooring_metallic.psd using Guid(90283d728c9b6624ca2e5b738ebb00de) Importer(815301076,1909f56bfc062723c751e8b465ee728b)  -> (artifact id: 'dd5cab5aef3b68c19ebeda2929fb92d2') in 0.015057 seconds
Number of updated asset objects reloaded before import = 0
Number of asset objects unloaded after import = 2
========================================================================
Received Import Request.
  Time since last request: 9.434825 seconds.
  path: Assets/materials/older-wood-flooring-unity/New Material.mat
  artifactKey: Guid(31da320afc5a0b94781e4bf2ae175cf5) Importer(815301076,1909f56bfc062723c751e8b465ee728b)
Start importing Assets/materials/older-wood-flooring-unity/New Material.mat using Guid(31da320afc5a0b94781e4bf2ae175cf5) Importer(815301076,1909f56bfc062723c751e8b465ee728b)  -> (artifact id: '369e04e797034d0028469d5905f1b1ca') in 0.016907 seconds
Number of updated asset objects reloaded before import = 0
Number of asset objects unloaded after import = 1
========================================================================
Received Import Request.
  Time since last request: 14.777760 seconds.
  path: Assets/materials/older-wood-flooring-unity/older-wood-flooring_normal-ogl.png
  artifactKey: Guid(b54d8ba52897788469438c5b390d1d4c) Importer(815301076,1909f56bfc062723c751e8b465ee728b)
Start importing Assets/materials/older-wood-flooring-unity/older-wood-flooring_normal-ogl.png using Guid(b54d8ba52897788469438c5b390d1d4c) Importer(815301076,1909f56bfc062723c751e8b465ee728b)  -> (artifact id: 'a4836a6f5d412540370c5898e6dedc1c') in 0.017548 seconds
Number of updated asset objects reloaded before import = 0
Number of asset objects unloaded after import = 2
========================================================================
Received Import Request.
  Time since last request: 2.495621 seconds.
  path: Assets/materials/saloon-wood-floor-unity
  artifactKey: Guid(c5cd30b3a75202d498421e767331ad1b) Importer(815301076,1909f56bfc062723c751e8b465ee728b)
Start importing Assets/materials/saloon-wood-floor-unity using Guid(c5cd30b3a75202d498421e767331ad1b) Importer(815301076,1909f56bfc062723c751e8b465ee728b)  -> (artifact id: '7cbe02e73edd1fc7204493d580a9234f') in 0.000577 seconds
Number of updated asset objects reloaded before import = 0
Number of asset objects unloaded after import = 0
========================================================================
Received Import Request.
  Time since last request: 0.659773 seconds.
  path: Assets/materials/spotted-rust-unity
  artifactKey: Guid(fcb57dfd86a85354491cbb17629c2d27) Importer(815301076,1909f56bfc062723c751e8b465ee728b)
Start importing Assets/materials/spotted-rust-unity using Guid(fcb57dfd86a85354491cbb17629c2d27) Importer(815301076,1909f56bfc062723c751e8b465ee728b)  -> (artifact id: 'f4651783c4a11a6473e152d7cd52d619') in 0.000364 seconds
Number of updated asset objects reloaded before import = 0
Number of asset objects unloaded after import = 0
========================================================================
Received Import Request.
  Time since last request: 0.537806 seconds.
  path: Assets/materials/saloon-wood-floor-unity/saloon-wood-floor_albedo.png
  artifactKey: Guid(96c1f3568e6522f44a3c98cb2a1a9957) Importer(815301076,1909f56bfc062723c751e8b465ee728b)
Start importing Assets/materials/saloon-wood-floor-unity/saloon-wood-floor_albedo.png using Guid(96c1f3568e6522f44a3c98cb2a1a9957) Importer(815301076,1909f56bfc062723c751e8b465ee728b)  -> (artifact id: '816748269a0b794a3b5c162898abb109') in 0.032405 seconds
Number of updated asset objects reloaded before import = 0
Number of asset objects unloaded after import = 2
========================================================================
Received Import Request.
  Time since last request: 0.000013 seconds.
  path: Assets/materials/saloon-wood-floor-unity/saloon-wood-floor_normal-ogl.png
  artifactKey: Guid(e99968b19b7b4524bbd8c24b30692563) Importer(815301076,1909f56bfc062723c751e8b465ee728b)
Start importing Assets/materials/saloon-wood-floor-unity/saloon-wood-floor_normal-ogl.png using Guid(e99968b19b7b4524bbd8c24b30692563) Importer(815301076,1909f56bfc062723c751e8b465ee728b)  -> (artifact id: '3609229755490a035980b52bce662345') in 0.026306 seconds
Number of updated asset objects reloaded before import = 0
Number of asset objects unloaded after import = 2
========================================================================
Received Import Request.
  Time since last request: 1.676398 seconds.
  path: Assets/materials/spotted-rust-unity/spotted-rust_albedo.png
  artifactKey: Guid(ce0d3e400eb1977428242fce80cce853) Importer(815301076,1909f56bfc062723c751e8b465ee728b)
Start importing Assets/materials/spotted-rust-unity/spotted-rust_albedo.png using Guid(ce0d3e400eb1977428242fce80cce853) Importer(815301076,1909f56bfc062723c751e8b465ee728b)  -> (artifact id: '0ac00870c440bca9785308fd280a76a1') in 0.021405 seconds
Number of updated asset objects reloaded before import = 0
Number of asset objects unloaded after import = 2
========================================================================
Received Import Request.
  Time since last request: 0.000015 seconds.
  path: Assets/materials/spotted-rust-unity/spotted-rust_preview.jpg
  artifactKey: Guid(91c2fc9a9cabad74d8c7374119e2758e) Importer(815301076,1909f56bfc062723c751e8b465ee728b)
Start importing Assets/materials/spotted-rust-unity/spotted-rust_preview.jpg using Guid(91c2fc9a9cabad74d8c7374119e2758e) Importer(815301076,1909f56bfc062723c751e8b465ee728b)  -> (artifact id: 'cb9df658e938beb41e64d64a33884eb3') in 0.016837 seconds
Number of updated asset objects reloaded before import = 0
Number of asset objects unloaded after import = 2
========================================================================
Received Import Request.
  Time since last request: 7.910028 seconds.
  path: Assets/materials/spotted-rust-unity/New Material.mat
  artifactKey: Guid(d790492639ad1a14dbd5d20a0011fcf6) Importer(815301076,1909f56bfc062723c751e8b465ee728b)
Start importing Assets/materials/spotted-rust-unity/New Material.mat using Guid(d790492639ad1a14dbd5d20a0011fcf6) Importer(815301076,1909f56bfc062723c751e8b465ee728b)  -> (artifact id: '4fbdb1607aef8789d36339da359fee93') in 0.017523 seconds
Number of updated asset objects reloaded before import = 0
Number of asset objects unloaded after import = 1
========================================================================
Received Import Request.
  Time since last request: 23.440852 seconds.
  path: Assets/materials/spotted-rust-unity/spotted-rust_normal-ogl.png
  artifactKey: Guid(f80be48b3689d2749b0161cd561174e4) Importer(815301076,1909f56bfc062723c751e8b465ee728b)
Start importing Assets/materials/spotted-rust-unity/spotted-rust_normal-ogl.png using Guid(f80be48b3689d2749b0161cd561174e4) Importer(815301076,1909f56bfc062723c751e8b465ee728b)  -> (artifact id: '7b2dd6755b84956bf42efff49f54d4e3') in 0.017226 seconds
Number of updated asset objects reloaded before import = 0
Number of asset objects unloaded after import = 2
========================================================================
Received Import Request.
  Time since last request: 50.661490 seconds.
  path: Assets/materials/ship over
  artifactKey: Guid(ee0c8b0d7c2b8b248b25b4c94a63fd04) Importer(815301076,1909f56bfc062723c751e8b465ee728b)
Start importing Assets/materials/ship over using Guid(ee0c8b0d7c2b8b248b25b4c94a63fd04) Importer(815301076,1909f56bfc062723c751e8b465ee728b)  -> (artifact id: '1d4e1bc013ee278e98d81e1e102c2cf3') in 0.000505 seconds
Number of updated asset objects reloaded before import = 0
Number of asset objects unloaded after import = 0
========================================================================
Received Import Request.
  Time since last request: 8.316579 seconds.
  path: Assets/materials/ship over/Ship_Bottom_Deck.jpg
  artifactKey: Guid(d0e8119652a6e0f4f991e6ffbd55526b) Importer(815301076,1909f56bfc062723c751e8b465ee728b)
Start importing Assets/materials/ship over/Ship_Bottom_Deck.jpg using Guid(d0e8119652a6e0f4f991e6ffbd55526b) Importer(815301076,1909f56bfc062723c751e8b465ee728b)  -> (artifact id: 'fec02d69ae386b69a823ef07d8ab644e') in 0.035542 seconds
Number of updated asset objects reloaded before import = 0
Number of asset objects unloaded after import = 2
========================================================================
Received Import Request.
  Time since last request: 22.069212 seconds.
  path: Assets/materials/ship over/Ship_Bottom_Deck.jpg
  artifactKey: Guid(d0e8119652a6e0f4f991e6ffbd55526b) Importer(815301076,1909f56bfc062723c751e8b465ee728b)
Start importing Assets/materials/ship over/Ship_Bottom_Deck.jpg using Guid(d0e8119652a6e0f4f991e6ffbd55526b) Importer(815301076,1909f56bfc062723c751e8b465ee728b)  -> (artifact id: '17e27ff1888f88d5c52ae70f42851017') in 0.042807 seconds
Number of updated asset objects reloaded before import = 0
Number of asset objects unloaded after import = 3
========================================================================
Received Import Request.
  Time since last request: 12.329760 seconds.
  path: Assets/materials/ship over/Ship_Lower_Deck.jpg
  artifactKey: Guid(a3723b9e291afea49a55f02e3130695e) Importer(815301076,1909f56bfc062723c751e8b465ee728b)
Start importing Assets/materials/ship over/Ship_Lower_Deck.jpg using Guid(a3723b9e291afea49a55f02e3130695e) Importer(815301076,1909f56bfc062723c751e8b465ee728b)  -> (artifact id: 'bdc224a9d05cf7e8588e9c9bb15e6ced') in 0.029423 seconds
Number of updated asset objects reloaded before import = 0
Number of asset objects unloaded after import = 3
========================================================================
Received Import Request.
  Time since last request: 4.158993 seconds.
  path: Assets/materials/ship over/Ship_Top_Deck.jpg
  artifactKey: Guid(488c168ebb5aa0f4485e97b286c2f751) Importer(815301076,1909f56bfc062723c751e8b465ee728b)
Start importing Assets/materials/ship over/Ship_Top_Deck.jpg using Guid(488c168ebb5aa0f4485e97b286c2f751) Importer(815301076,1909f56bfc062723c751e8b465ee728b)  -> (artifact id: '2ee21c8451bb6d483dae8dc4edc269dd') in 0.057975 seconds
Number of updated asset objects reloaded before import = 0
Number of asset objects unloaded after import = 3
========================================================================
Received Prepare
Begin MonoManager ReloadAssembly
- Loaded All Assemblies, in  1.117 seconds
Refreshing native plugins compatible for Editor in 3.08 ms, found 4 plugins.
Native extension for WindowsStandalone target not found
Native extension for WebGL target not found
[Package Manager] Server::EnsureServerProcessIsRunning -- launch failed, reason: Unity was launched with the -noUpm command-line argument
[Package Manager] UpmClient::Send -- Unable to send message (not connected to UPM process).
[Package Manager] Cannot connect to Unity Package Manager local server
Mono: successfully reloaded assembly
- Finished resetting the current domain, in  0.898 seconds
Domain Reload Profiling: 2010ms
	BeginReloadAssembly (304ms)
		ExecutionOrderSort (0ms)
		DisableScriptedObjects (5ms)
		BackupInstance (0ms)
		ReleaseScriptingObjects (0ms)
		CreateAndSetChildDomain (62ms)
	RebuildCommonClasses (51ms)
	RebuildNativeTypeToScriptingClass (16ms)
	initialDomainReloadingComplete (30ms)
	LoadAllAssembliesAndSetupDomain (710ms)
		LoadAssemblies (877ms)
		RebuildTransferFunctionScriptingTraits (0ms)
		AnalyzeDomain (31ms)
			TypeCache.Refresh (18ms)
				TypeCache.ScanAssembly (12ms)
			ScanForSourceGeneratedMonoScriptInfo (9ms)
			ResolveRequiredComponents (3ms)
	FinalizeReload (899ms)
		ReleaseScriptCaches (0ms)
		RebuildScriptCaches (0ms)
		SetupLoadedEditorAssemblies (426ms)
			LogAssemblyErrors (0ms)
			InitializePlatformSupportModulesInManaged (6ms)
			SetLoadedEditorAssemblies (3ms)
			RefreshPlugins (0ms)
			BeforeProcessingInitializeOnLoad (58ms)
			ProcessInitializeOnLoadAttributes (337ms)
			ProcessInitializeOnLoadMethodAttributes (14ms)
			AfterProcessingInitializeOnLoad (7ms)
			EditorAssembliesLoaded (0ms)
		ExecutionOrderSort2 (0ms)
		AwakeInstancesAfterBackupRestoration (5ms)
Refreshing native plugins compatible for Editor in 3.42 ms, found 4 plugins.
Preloading 0 native plugins for Editor in 0.00 ms.
Unloading 3972 Unused Serialized files (Serialized files now loaded: 0)
Unloading 97 unused Assets / (5.5 MB). Loaded Objects now: 4468.
Memory consumption went from 172.5 MB to 167.0 MB.
Total: 3.965700 ms (FindLiveObjects: 0.261500 ms CreateObjectMapping: 0.155100 ms MarkObjects: 2.162000 ms  DeleteObjects: 1.386100 ms)

Prepare: number of updated asset objects reloaded= 0
AssetImportParameters requested are different than current active one (requested -> active):
  custom:container-demuxer-ogg: 62fdf1f143b41e24485cea50d1cbac27 -> 
  custom:video-decoder-ogg-theora: a1e56fd34408186e4bbccfd4996cb3dc -> 
  custom:framework-win-MediaFoundation: 216162199b28c13a410421893ffa2e32 -> 
  custom:CustomObjectIndexerAttribute: 756ad292c208cfabdd7b50bc23989ffe -> 
  custom:container-demuxer-webm: 4f35f7cbe854078d1ac9338744f61a02 -> 
  custom:container-muxer-webm: aa71ff27fc2769a1b78a27578f13a17b -> 
  custom:video-decoder-webm-vp8: 9c59270c3fd7afecdb556c50c9e8de78 -> 
  custom:SearchIndexIgnoredProperties: e643bd26f0fe6173181afceb89e7c659 -> 
  custom:AudioImporter_EditorPlatform: d09bf68614088b80899f8185d706f6e7 -> 
  custom:video-encoder-webm-vp8: eb34c28f22e8b96e1ab97ce403110664 -> 
  custom:audio-decoder-ogg-vorbis: bf7c407c2cedff20999df2af8eb42d56 -> 
  custom:audio-encoder-webm-vorbis: bf7c407c2cedff20999df2af8eb42d56 -> 
========================================================================
Received Import Request.
  Time since last request: 892.437283 seconds.
  path: Assets/Tree.prefab
  artifactKey: Guid(8817b9065516603429031dde7ab6ee14) Importer(815301076,1909f56bfc062723c751e8b465ee728b)
Start importing Assets/Tree.prefab using Guid(8817b9065516603429031dde7ab6ee14) Importer(815301076,1909f56bfc062723c751e8b465ee728b)  -> (artifact id: '4fa0c4088a756d8d660ebf5e6dc486ea') in 0.092716 seconds
Number of updated asset objects reloaded before import = 0
Number of asset objects unloaded after import = 15
========================================================================
Received Prepare
Begin MonoManager ReloadAssembly
- Loaded All Assemblies, in  0.440 seconds
Refreshing native plugins compatible for Editor in 3.14 ms, found 4 plugins.
Native extension for WindowsStandalone target not found
Native extension for WebGL target not found
[Package Manager] Server::EnsureServerProcessIsRunning -- launch failed, reason: Unity was launched with the -noUpm command-line argument
[Package Manager] UpmClient::Send -- Unable to send message (not connected to UPM process).
[Package Manager] Cannot connect to Unity Package Manager local server
Mono: successfully reloaded assembly
- Finished resetting the current domain, in  0.892 seconds
Domain Reload Profiling: 1328ms
	BeginReloadAssembly (126ms)
		ExecutionOrderSort (0ms)
		DisableScriptedObjects (3ms)
		BackupInstance (0ms)
		ReleaseScriptingObjects (0ms)
		CreateAndSetChildDomain (28ms)
	RebuildCommonClasses (30ms)
	RebuildNativeTypeToScriptingClass (12ms)
	initialDomainReloadingComplete (25ms)
	LoadAllAssembliesAndSetupDomain (242ms)
		LoadAssemblies (231ms)
		RebuildTransferFunctionScriptingTraits (0ms)
		AnalyzeDomain (77ms)
			TypeCache.Refresh (60ms)
				TypeCache.ScanAssembly (50ms)
			ScanForSourceGeneratedMonoScriptInfo (13ms)
			ResolveRequiredComponents (4ms)
	FinalizeReload (892ms)
		ReleaseScriptCaches (0ms)
		RebuildScriptCaches (0ms)
		SetupLoadedEditorAssemblies (396ms)
			LogAssemblyErrors (0ms)
			InitializePlatformSupportModulesInManaged (6ms)
			SetLoadedEditorAssemblies (5ms)
			RefreshPlugins (0ms)
			BeforeProcessingInitializeOnLoad (62ms)
			ProcessInitializeOnLoadAttributes (299ms)
			ProcessInitializeOnLoadMethodAttributes (18ms)
			AfterProcessingInitializeOnLoad (7ms)
			EditorAssembliesLoaded (0ms)
		ExecutionOrderSort2 (0ms)
		AwakeInstancesAfterBackupRestoration (5ms)
Refreshing native plugins compatible for Editor in 2.96 ms, found 4 plugins.
Preloading 0 native plugins for Editor in 0.00 ms.
Unloading 3972 Unused Serialized files (Serialized files now loaded: 0)
Unloading 98 unused Assets / (5.5 MB). Loaded Objects now: 4474.
Memory consumption went from 172.7 MB to 167.2 MB.
Total: 3.554400 ms (FindLiveObjects: 0.211700 ms CreateObjectMapping: 0.100800 ms MarkObjects: 1.897400 ms  DeleteObjects: 1.344000 ms)

Prepare: number of updated asset objects reloaded= 0
AssetImportParameters requested are different than current active one (requested -> active):
  custom:container-demuxer-ogg: 62fdf1f143b41e24485cea50d1cbac27 -> 
  custom:video-decoder-ogg-theora: a1e56fd34408186e4bbccfd4996cb3dc -> 
  custom:framework-win-MediaFoundation: 216162199b28c13a410421893ffa2e32 -> 
  custom:CustomObjectIndexerAttribute: 756ad292c208cfabdd7b50bc23989ffe -> 
  custom:container-demuxer-webm: 4f35f7cbe854078d1ac9338744f61a02 -> 
  custom:container-muxer-webm: aa71ff27fc2769a1b78a27578f13a17b -> 
  custom:video-decoder-webm-vp8: 9c59270c3fd7afecdb556c50c9e8de78 -> 
  custom:SearchIndexIgnoredProperties: e643bd26f0fe6173181afceb89e7c659 -> 
  custom:AudioImporter_EditorPlatform: d09bf68614088b80899f8185d706f6e7 -> 
  custom:video-encoder-webm-vp8: eb34c28f22e8b96e1ab97ce403110664 -> 
  custom:audio-decoder-ogg-vorbis: bf7c407c2cedff20999df2af8eb42d56 -> 
  custom:audio-encoder-webm-vorbis: bf7c407c2cedff20999df2af8eb42d56 -> 
========================================================================
Received Import Request.
  Time since last request: 2692.681915 seconds.
  path: Assets/materials/older-wood-flooring-unity/older-wood-flooring_albedo.png
  artifactKey: Guid(16cabcfded0957a4a96efa2ee8a3c9fc) Importer(815301076,1909f56bfc062723c751e8b465ee728b)
Start importing Assets/materials/older-wood-flooring-unity/older-wood-flooring_albedo.png using Guid(16cabcfded0957a4a96efa2ee8a3c9fc) Importer(815301076,1909f56bfc062723c751e8b465ee728b)  -> (artifact id: 'ad6e8311d52f9f2cacf5efd187018949') in 0.057365 seconds
Number of updated asset objects reloaded before import = 0
Number of asset objects unloaded after import = 2
========================================================================
Received Import Request.
  Time since last request: 0.000028 seconds.
  path: Assets/materials/older-wood-flooring-unity/older-wood-flooring_normal-ogl.png
  artifactKey: Guid(b54d8ba52897788469438c5b390d1d4c) Importer(815301076,1909f56bfc062723c751e8b465ee728b)
Start importing Assets/materials/older-wood-flooring-unity/older-wood-flooring_normal-ogl.png using Guid(b54d8ba52897788469438c5b390d1d4c) Importer(815301076,1909f56bfc062723c751e8b465ee728b)  -> (artifact id: '3c91c11d8575951bcd49fc2dae2ea367') in 0.028894 seconds
Number of updated asset objects reloaded before import = 0
Number of asset objects unloaded after import = 2
========================================================================
Received Import Request.
  Time since last request: 0.000019 seconds.
  path: Assets/materials/older-wood-flooring-unity/older-wood-flooring_height.png
  artifactKey: Guid(e53ba170e39ae6e49a627b9322213817) Importer(815301076,1909f56bfc062723c751e8b465ee728b)
Start importing Assets/materials/older-wood-flooring-unity/older-wood-flooring_height.png using Guid(e53ba170e39ae6e49a627b9322213817) Importer(815301076,1909f56bfc062723c751e8b465ee728b)  -> (artifact id: '6e2f9c77a6589d8e1ea88b0ea2828809') in 0.030596 seconds
Number of updated asset objects reloaded before import = 0
Number of asset objects unloaded after import = 2
========================================================================
Received Prepare
Refreshing native plugins compatible for Editor in 5.91 ms, found 4 plugins.
Preloading 0 native plugins for Editor in 0.00 ms.
Unloading 72 Unused Serialized files (Serialized files now loaded: 0)
Unloading 73 unused Assets / (5.7 MB). Loaded Objects now: 4474.
Memory consumption went from 112.2 MB to 106.6 MB.
Total: 5.034900 ms (FindLiveObjects: 0.291000 ms CreateObjectMapping: 0.135300 ms MarkObjects: 3.083100 ms  DeleteObjects: 1.524600 ms)

Prepare: number of updated asset objects reloaded= 0
AssetImportParameters requested are different than current active one (requested -> active):
  custom:container-demuxer-ogg: 62fdf1f143b41e24485cea50d1cbac27 -> 
  custom:video-decoder-ogg-theora: a1e56fd34408186e4bbccfd4996cb3dc -> 
  custom:framework-win-MediaFoundation: 216162199b28c13a410421893ffa2e32 -> 
  custom:CustomObjectIndexerAttribute: 756ad292c208cfabdd7b50bc23989ffe -> 
  custom:container-demuxer-webm: 4f35f7cbe854078d1ac9338744f61a02 -> 
  custom:container-muxer-webm: aa71ff27fc2769a1b78a27578f13a17b -> 
  custom:video-decoder-webm-vp8: 9c59270c3fd7afecdb556c50c9e8de78 -> 
  custom:SearchIndexIgnoredProperties: e643bd26f0fe6173181afceb89e7c659 -> 
  custom:AudioImporter_EditorPlatform: d09bf68614088b80899f8185d706f6e7 -> 
  custom:video-encoder-webm-vp8: eb34c28f22e8b96e1ab97ce403110664 -> 
  custom:audio-decoder-ogg-vorbis: bf7c407c2cedff20999df2af8eb42d56 -> 
  custom:audio-encoder-webm-vorbis: bf7c407c2cedff20999df2af8eb42d56 -> 
========================================================================
Received Prepare
Refreshing native plugins compatible for Editor in 3.22 ms, found 4 plugins.
Preloading 0 native plugins for Editor in 0.00 ms.
Unloading 73 Unused Serialized files (Serialized files now loaded: 0)
Unloading 73 unused Assets / (5.6 MB). Loaded Objects now: 4474.
Memory consumption went from 112.4 MB to 106.9 MB.
Total: 4.094100 ms (FindLiveObjects: 0.236800 ms CreateObjectMapping: 0.137800 ms MarkObjects: 2.032400 ms  DeleteObjects: 1.686500 ms)

Prepare: number of updated asset objects reloaded= 0
AssetImportParameters requested are different than current active one (requested -> active):
  custom:container-demuxer-ogg: 62fdf1f143b41e24485cea50d1cbac27 -> 
  custom:video-decoder-ogg-theora: a1e56fd34408186e4bbccfd4996cb3dc -> 
  custom:framework-win-MediaFoundation: 216162199b28c13a410421893ffa2e32 -> 
  custom:CustomObjectIndexerAttribute: 756ad292c208cfabdd7b50bc23989ffe -> 
  custom:container-demuxer-webm: 4f35f7cbe854078d1ac9338744f61a02 -> 
  custom:container-muxer-webm: aa71ff27fc2769a1b78a27578f13a17b -> 
  custom:video-decoder-webm-vp8: 9c59270c3fd7afecdb556c50c9e8de78 -> 
  custom:SearchIndexIgnoredProperties: e643bd26f0fe6173181afceb89e7c659 -> 
  custom:AudioImporter_EditorPlatform: d09bf68614088b80899f8185d706f6e7 -> 
  custom:video-encoder-webm-vp8: eb34c28f22e8b96e1ab97ce403110664 -> 
  custom:audio-decoder-ogg-vorbis: bf7c407c2cedff20999df2af8eb42d56 -> 
  custom:audio-encoder-webm-vorbis: bf7c407c2cedff20999df2af8eb42d56 -> 
========================================================================
Received Import Request.
  Time since last request: 69.857029 seconds.
  path: Assets/materials/older-wood-flooring-unity/older-wood-flooring_albedo.png
  artifactKey: Guid(16cabcfded0957a4a96efa2ee8a3c9fc) Importer(815301076,1909f56bfc062723c751e8b465ee728b)
Start importing Assets/materials/older-wood-flooring-unity/older-wood-flooring_albedo.png using Guid(16cabcfded0957a4a96efa2ee8a3c9fc) Importer(815301076,1909f56bfc062723c751e8b465ee728b)  -> (artifact id: '58adf6703867668d025d2537f50de6d4') in 0.022320 seconds
Number of updated asset objects reloaded before import = 0
Number of asset objects unloaded after import = 2
========================================================================
Received Import Request.
  Time since last request: 0.000014 seconds.
  path: Assets/materials/older-wood-flooring-unity/older-wood-flooring_preview.jpg
  artifactKey: Guid(a82dd2bea66f66940a937986d54a1112) Importer(815301076,1909f56bfc062723c751e8b465ee728b)
Start importing Assets/materials/older-wood-flooring-unity/older-wood-flooring_preview.jpg using Guid(a82dd2bea66f66940a937986d54a1112) Importer(815301076,1909f56bfc062723c751e8b465ee728b)  -> (artifact id: '3d52e47ffb15edcc1a0a0a40730ff78a') in 0.017741 seconds
Number of updated asset objects reloaded before import = 0
Number of asset objects unloaded after import = 2
========================================================================
Received Import Request.
  Time since last request: 0.000034 seconds.
  path: Assets/materials/older-wood-flooring-unity/older-wood-flooring_normal-ogl.png
  artifactKey: Guid(b54d8ba52897788469438c5b390d1d4c) Importer(815301076,1909f56bfc062723c751e8b465ee728b)
Start importing Assets/materials/older-wood-flooring-unity/older-wood-flooring_normal-ogl.png using Guid(b54d8ba52897788469438c5b390d1d4c) Importer(815301076,1909f56bfc062723c751e8b465ee728b)  -> (artifact id: '7a08e55c781266729819c3a32d575d8c') in 0.021612 seconds
Number of updated asset objects reloaded before import = 0
Number of asset objects unloaded after import = 2
========================================================================
Received Import Request.
  Time since last request: 0.000015 seconds.
  path: Assets/materials/older-wood-flooring-unity/older-wood-flooring_height.png
  artifactKey: Guid(e53ba170e39ae6e49a627b9322213817) Importer(815301076,1909f56bfc062723c751e8b465ee728b)
Start importing Assets/materials/older-wood-flooring-unity/older-wood-flooring_height.png using Guid(e53ba170e39ae6e49a627b9322213817) Importer(815301076,1909f56bfc062723c751e8b465ee728b)  -> (artifact id: 'e685894374893980e95b02e22a6959e0') in 0.021628 seconds
Number of updated asset objects reloaded before import = 0
Number of asset objects unloaded after import = 2
========================================================================
Received Prepare
Begin MonoManager ReloadAssembly
- Loaded All Assemblies, in  0.465 seconds
Refreshing native plugins compatible for Editor in 3.34 ms, found 4 plugins.
Native extension for WindowsStandalone target not found
Native extension for WebGL target not found
[Package Manager] Server::EnsureServerProcessIsRunning -- launch failed, reason: Unity was launched with the -noUpm command-line argument
[Package Manager] UpmClient::Send -- Unable to send message (not connected to UPM process).
[Package Manager] Cannot connect to Unity Package Manager local server
Mono: successfully reloaded assembly
- Finished resetting the current domain, in  0.860 seconds
Domain Reload Profiling: 1322ms
	BeginReloadAssembly (145ms)
		ExecutionOrderSort (0ms)
		DisableScriptedObjects (3ms)
		BackupInstance (0ms)
		ReleaseScriptingObjects (0ms)
		CreateAndSetChildDomain (30ms)
	RebuildCommonClasses (24ms)
	RebuildNativeTypeToScriptingClass (8ms)
	initialDomainReloadingComplete (25ms)
	LoadAllAssembliesAndSetupDomain (259ms)
		LoadAssemblies (255ms)
		RebuildTransferFunctionScriptingTraits (0ms)
		AnalyzeDomain (87ms)
			TypeCache.Refresh (71ms)
				TypeCache.ScanAssembly (62ms)
			ScanForSourceGeneratedMonoScriptInfo (12ms)
			ResolveRequiredComponents (3ms)
	FinalizeReload (860ms)
		ReleaseScriptCaches (0ms)
		RebuildScriptCaches (0ms)
		SetupLoadedEditorAssemblies (399ms)
			LogAssemblyErrors (0ms)
			InitializePlatformSupportModulesInManaged (6ms)
			SetLoadedEditorAssemblies (4ms)
			RefreshPlugins (0ms)
			BeforeProcessingInitializeOnLoad (56ms)
			ProcessInitializeOnLoadAttributes (313ms)
			ProcessInitializeOnLoadMethodAttributes (14ms)
			AfterProcessingInitializeOnLoad (6ms)
			EditorAssembliesLoaded (0ms)
		ExecutionOrderSort2 (0ms)
		AwakeInstancesAfterBackupRestoration (4ms)
Refreshing native plugins compatible for Editor in 3.44 ms, found 4 plugins.
Preloading 0 native plugins for Editor in 0.00 ms.
Unloading 3972 Unused Serialized files (Serialized files now loaded: 0)
Unloading 98 unused Assets / (5.6 MB). Loaded Objects now: 4477.
Memory consumption went from 172.7 MB to 167.1 MB.
Total: 3.608300 ms (FindLiveObjects: 0.229000 ms CreateObjectMapping: 0.113300 ms MarkObjects: 1.753000 ms  DeleteObjects: 1.511900 ms)

Prepare: number of updated asset objects reloaded= 0
AssetImportParameters requested are different than current active one (requested -> active):
  custom:container-demuxer-ogg: 62fdf1f143b41e24485cea50d1cbac27 -> 
  custom:video-decoder-ogg-theora: a1e56fd34408186e4bbccfd4996cb3dc -> 
  custom:framework-win-MediaFoundation: 216162199b28c13a410421893ffa2e32 -> 
  custom:CustomObjectIndexerAttribute: 756ad292c208cfabdd7b50bc23989ffe -> 
  custom:container-demuxer-webm: 4f35f7cbe854078d1ac9338744f61a02 -> 
  custom:container-muxer-webm: aa71ff27fc2769a1b78a27578f13a17b -> 
  custom:video-decoder-webm-vp8: 9c59270c3fd7afecdb556c50c9e8de78 -> 
  custom:SearchIndexIgnoredProperties: e643bd26f0fe6173181afceb89e7c659 -> 
  custom:AudioImporter_EditorPlatform: d09bf68614088b80899f8185d706f6e7 -> 
  custom:video-encoder-webm-vp8: eb34c28f22e8b96e1ab97ce403110664 -> 
  custom:audio-decoder-ogg-vorbis: bf7c407c2cedff20999df2af8eb42d56 -> 
  custom:audio-encoder-webm-vorbis: bf7c407c2cedff20999df2af8eb42d56 -> 
========================================================================
Received Prepare
Refreshing native plugins compatible for Editor in 8.59 ms, found 4 plugins.
Preloading 0 native plugins for Editor in 0.00 ms.
Unloading 73 Unused Serialized files (Serialized files now loaded: 0)
Unloading 73 unused Assets / (5.6 MB). Loaded Objects now: 4477.
Memory consumption went from 112.9 MB to 107.2 MB.
Total: 9.334000 ms (FindLiveObjects: 0.436200 ms CreateObjectMapping: 0.356100 ms MarkObjects: 4.358900 ms  DeleteObjects: 4.180800 ms)

Prepare: number of updated asset objects reloaded= 0
AssetImportParameters requested are different than current active one (requested -> active):
  custom:container-demuxer-ogg: 62fdf1f143b41e24485cea50d1cbac27 -> 
  custom:video-decoder-ogg-theora: a1e56fd34408186e4bbccfd4996cb3dc -> 
  custom:framework-win-MediaFoundation: 216162199b28c13a410421893ffa2e32 -> 
  custom:CustomObjectIndexerAttribute: 756ad292c208cfabdd7b50bc23989ffe -> 
  custom:container-demuxer-webm: 4f35f7cbe854078d1ac9338744f61a02 -> 
  custom:container-muxer-webm: aa71ff27fc2769a1b78a27578f13a17b -> 
  custom:video-decoder-webm-vp8: 9c59270c3fd7afecdb556c50c9e8de78 -> 
  custom:SearchIndexIgnoredProperties: e643bd26f0fe6173181afceb89e7c659 -> 
  custom:AudioImporter_EditorPlatform: d09bf68614088b80899f8185d706f6e7 -> 
  custom:video-encoder-webm-vp8: eb34c28f22e8b96e1ab97ce403110664 -> 
  custom:audio-decoder-ogg-vorbis: bf7c407c2cedff20999df2af8eb42d56 -> 
  custom:audio-encoder-webm-vorbis: bf7c407c2cedff20999df2af8eb42d56 -> 
Editor requested this worker to shutdown with reason: Scaling down because of idle timeout
TcpMessagingSession - receive error: operation aborted. errorcode: 995, details: The I/O operation has been aborted because of either a thread exit or an application request.
AssetImportWorker is now disconnected from the server
Process exiting
Exiting without the bug reporter. Application will terminate with return code 0