Using pre-set license
Built from '2022.3/staging' branch; Version is '2022.3.9f1 (ea401c316338) revision 15351836'; Using compiler version '192829333'; Build Type 'Release'
OS: 'Windows 10  (10.0.19045) 64bit Core' Language: 'en' Physical Memory: 32637 MB
BatchMode: 1, IsHumanControllingUs: 0, StartBugReporterOnCrash: 0, Is64bit: 1, IsPro: 1

COMMAND LINE ARGUMENTS:
C:\Program Files\Unity\Hub\Editor\2022.3.9f1\Editor\Unity.exe
-adb2
-batchMode
-noUpm
-name
AssetImportWorker0
-projectPath
C:/Users/cathr/OneDrive - Nassau BOCES/Documents/prototype3/My project
-logFile
Logs/AssetImportWorker0.log
-srvPort
65404
Successfully changed project path to: C:/Users/cathr/OneDrive - Nassau BOCES/Documents/prototype3/My project
C:/Users/cathr/OneDrive - Nassau BOCES/Documents/prototype3/My project
[UnityMemory] Configuration Parameters - Can be set up in boot.config
    "memorysetup-bucket-allocator-granularity=16"
    "memorysetup-bucket-allocator-bucket-count=8"
    "memorysetup-bucket-allocator-block-size=33554432"
    "memorysetup-bucket-allocator-block-count=8"
    "memorysetup-main-allocator-block-size=16777216"
    "memorysetup-thread-allocator-block-size=16777216"
    "memorysetup-gfx-main-allocator-block-size=16777216"
    "memorysetup-gfx-thread-allocator-block-size=16777216"
    "memorysetup-cache-allocator-block-size=4194304"
    "memorysetup-typetree-allocator-block-size=2097152"
    "memorysetup-profiler-bucket-allocator-granularity=16"
    "memorysetup-profiler-bucket-allocator-bucket-count=8"
    "memorysetup-profiler-bucket-allocator-block-size=33554432"
    "memorysetup-profiler-bucket-allocator-block-count=8"
    "memorysetup-profiler-allocator-block-size=16777216"
    "memorysetup-profiler-editor-allocator-block-size=1048576"
    "memorysetup-temp-allocator-size-main=16777216"
    "memorysetup-job-temp-allocator-block-size=2097152"
    "memorysetup-job-temp-allocator-block-size-background=1048576"
    "memorysetup-job-temp-allocator-reduction-small-platforms=262144"
    "memorysetup-allocator-temp-initial-block-size-main=262144"
    "memorysetup-allocator-temp-initial-block-size-worker=262144"
    "memorysetup-temp-allocator-size-background-worker=32768"
    "memorysetup-temp-allocator-size-job-worker=262144"
    "memorysetup-temp-allocator-size-preload-manager=33554432"
    "memorysetup-temp-allocator-size-nav-mesh-worker=65536"
    "memorysetup-temp-allocator-size-audio-worker=65536"
    "memorysetup-temp-allocator-size-cloud-worker=32768"
    "memorysetup-temp-allocator-size-gi-baking-worker=262144"
    "memorysetup-temp-allocator-size-gfx=262144"
Player connection [12824] Host "[IP] 192.168.1.30 [Port] 0 [Flags] 2 [Guid] 3660761781 [EditorId] 3660761781 [Version] 1048832 [Id] WindowsEditor(7,DESKTOP-I4NJ8SI) [Debug] 1 [PackageName] WindowsEditor [ProjectName] Editor" joined multi-casting on [225.0.0.222:54997]...

Player connection [12824] Host "[IP] 192.168.1.30 [Port] 0 [Flags] 2 [Guid] 3660761781 [EditorId] 3660761781 [Version] 1048832 [Id] WindowsEditor(7,DESKTOP-I4NJ8SI) [Debug] 1 [PackageName] WindowsEditor [ProjectName] Editor" joined alternative multi-casting on [225.0.0.222:34997]...

[Physics::Module] Initialized MultithreadedJobDispatcher with 15 workers.
Refreshing native plugins compatible for Editor in 8.24 ms, found 3 plugins.
Preloading 0 native plugins for Editor in 0.00 ms.
Initialize engine version: 2022.3.9f1 (ea401c316338)
[Subsystems] Discovering subsystems at path C:/Program Files/Unity/Hub/Editor/2022.3.9f1/Editor/Data/Resources/UnitySubsystems
[Subsystems] Discovering subsystems at path C:/Users/cathr/OneDrive - Nassau BOCES/Documents/prototype3/My project/Assets
GfxDevice: creating device client; threaded=0; jobified=0
Direct3D:
    Version:  Direct3D 11.0 [level 11.1]
    Renderer: NVIDIA GeForce RTX 2060 (ID=0x1f08)
    Vendor:   NVIDIA
    VRAM:     5955 MB
    Driver:   32.0.15.6081
Initialize mono
Mono path[0] = 'C:/Program Files/Unity/Hub/Editor/2022.3.9f1/Editor/Data/Managed'
Mono path[1] = 'C:/Program Files/Unity/Hub/Editor/2022.3.9f1/Editor/Data/MonoBleedingEdge/lib/mono/unityjit-win32'
Mono config path = 'C:/Program Files/Unity/Hub/Editor/2022.3.9f1/Editor/Data/MonoBleedingEdge/etc'
Using monoOptions --debugger-agent=transport=dt_socket,embedding=1,server=y,suspend=n,address=127.0.0.1:56724
Begin MonoManager ReloadAssembly
Registering precompiled unity dll's ...
Register platform support module: C:/Program Files/Unity/Hub/Editor/2022.3.9f1/Editor/Data/PlaybackEngines/WebGLSupport/UnityEditor.WebGL.Extensions.dll
Register platform support module: C:/Program Files/Unity/Hub/Editor/2022.3.9f1/Editor/Data/PlaybackEngines/WindowsStandaloneSupport/UnityEditor.WindowsStandalone.Extensions.dll
Registered in 0.010146 seconds.
- Loaded All Assemblies, in  0.299 seconds
Native extension for WindowsStandalone target not found
Native extension for WebGL target not found
Mono: successfully reloaded assembly
- Finished resetting the current domain, in  0.210 seconds
Domain Reload Profiling: 507ms
	BeginReloadAssembly (88ms)
		ExecutionOrderSort (0ms)
		DisableScriptedObjects (0ms)
		BackupInstance (0ms)
		ReleaseScriptingObjects (0ms)
		CreateAndSetChildDomain (1ms)
	RebuildCommonClasses (27ms)
	RebuildNativeTypeToScriptingClass (9ms)
	initialDomainReloadingComplete (58ms)
	LoadAllAssembliesAndSetupDomain (115ms)
		LoadAssemblies (86ms)
		RebuildTransferFunctionScriptingTraits (0ms)
		AnalyzeDomain (113ms)
			TypeCache.Refresh (112ms)
				TypeCache.ScanAssembly (102ms)
			ScanForSourceGeneratedMonoScriptInfo (0ms)
			ResolveRequiredComponents (0ms)
	FinalizeReload (210ms)
		ReleaseScriptCaches (0ms)
		RebuildScriptCaches (0ms)
		SetupLoadedEditorAssemblies (162ms)
			LogAssemblyErrors (0ms)
			InitializePlatformSupportModulesInManaged (9ms)
			SetLoadedEditorAssemblies (4ms)
			RefreshPlugins (0ms)
			BeforeProcessingInitializeOnLoad (2ms)
			ProcessInitializeOnLoadAttributes (103ms)
			ProcessInitializeOnLoadMethodAttributes (44ms)
			AfterProcessingInitializeOnLoad (0ms)
			EditorAssembliesLoaded (0ms)
		ExecutionOrderSort2 (0ms)
		AwakeInstancesAfterBackupRestoration (0ms)
========================================================================
Worker process is ready to serve import requests
Begin MonoManager ReloadAssembly
- Loaded All Assemblies, in  0.543 seconds
Refreshing native plugins compatible for Editor in 2.55 ms, found 3 plugins.
Native extension for WindowsStandalone target not found
Native extension for WebGL target not found
Package Manager log level set to [2]
[Package Manager] Server::EnsureServerProcessIsRunning -- launch failed, reason: Unity was launched with the -noUpm command-line argument
[Package Manager] UpmClient::Send -- Unable to send message (not connected to UPM process).
[Package Manager] Cannot connect to Unity Package Manager local server
Mono: successfully reloaded assembly
- Finished resetting the current domain, in  0.528 seconds
Domain Reload Profiling: 1068ms
	BeginReloadAssembly (136ms)
		ExecutionOrderSort (0ms)
		DisableScriptedObjects (4ms)
		BackupInstance (0ms)
		ReleaseScriptingObjects (0ms)
		CreateAndSetChildDomain (17ms)
	RebuildCommonClasses (26ms)
	RebuildNativeTypeToScriptingClass (8ms)
	initialDomainReloadingComplete (39ms)
	LoadAllAssembliesAndSetupDomain (331ms)
		LoadAssemblies (260ms)
		RebuildTransferFunctionScriptingTraits (0ms)
		AnalyzeDomain (156ms)
			TypeCache.Refresh (140ms)
				TypeCache.ScanAssembly (128ms)
			ScanForSourceGeneratedMonoScriptInfo (11ms)
			ResolveRequiredComponents (3ms)
	FinalizeReload (528ms)
		ReleaseScriptCaches (0ms)
		RebuildScriptCaches (0ms)
		SetupLoadedEditorAssemblies (410ms)
			LogAssemblyErrors (0ms)
			InitializePlatformSupportModulesInManaged (7ms)
			SetLoadedEditorAssemblies (6ms)
			RefreshPlugins (0ms)
			BeforeProcessingInitializeOnLoad (59ms)
			ProcessInitializeOnLoadAttributes (314ms)
			ProcessInitializeOnLoadMethodAttributes (16ms)
			AfterProcessingInitializeOnLoad (8ms)
			EditorAssembliesLoaded (0ms)
		ExecutionOrderSort2 (0ms)
		AwakeInstancesAfterBackupRestoration (6ms)
Launched and connected shader compiler UnityShaderCompiler.exe after 0.04 seconds
Refreshing native plugins compatible for Editor in 2.49 ms, found 3 plugins.
Preloading 0 native plugins for Editor in 0.00 ms.
Unloading 3098 Unused Serialized files (Serialized files now loaded: 0)
Unloading 31 unused Assets / (56.6 KB). Loaded Objects now: 3596.
Memory consumption went from 131.6 MB to 131.5 MB.
Total: 3.238600 ms (FindLiveObjects: 0.191000 ms CreateObjectMapping: 0.091000 ms MarkObjects: 2.829000 ms  DeleteObjects: 0.126700 ms)

AssetImportParameters requested are different than current active one (requested -> active):
  custom:container-demuxer-ogg: 62fdf1f143b41e24485cea50d1cbac27 -> 
  custom:video-decoder-ogg-theora: a1e56fd34408186e4bbccfd4996cb3dc -> 
  custom:framework-win-MediaFoundation: 216162199b28c13a410421893ffa2e32 -> 
  custom:CustomObjectIndexerAttribute: 756ad292c208cfabdd7b50bc23989ffe -> 
  custom:container-demuxer-webm: 4f35f7cbe854078d1ac9338744f61a02 -> 
  custom:container-muxer-webm: aa71ff27fc2769a1b78a27578f13a17b -> 
  custom:video-decoder-webm-vp8: 9c59270c3fd7afecdb556c50c9e8de78 -> 
  custom:SearchIndexIgnoredProperties: e643bd26f0fe6173181afceb89e7c659 -> 
  custom:AudioImporter_EditorPlatform: d09bf68614088b80899f8185d706f6e7 -> 
  custom:video-encoder-webm-vp8: eb34c28f22e8b96e1ab97ce403110664 -> 
  custom:audio-decoder-ogg-vorbis: bf7c407c2cedff20999df2af8eb42d56 -> 
  custom:audio-encoder-webm-vorbis: bf7c407c2cedff20999df2af8eb42d56 -> 
========================================================================
Received Import Request.
  Time since last request: 149948.240321 seconds.
  path: Assets/Tree_Textures
  artifactKey: Guid(6b312b9bfc8d2c74c872f39c5ca956e5) Importer(815301076,1909f56bfc062723c751e8b465ee728b)
Start importing Assets/Tree_Textures using Guid(6b312b9bfc8d2c74c872f39c5ca956e5) Importer(815301076,1909f56bfc062723c751e8b465ee728b)  -> (artifact id: 'f5d19ef8f1984d14d0c6769722887e75') in 0.007299 seconds
Number of updated asset objects reloaded before import = 0
Number of asset objects unloaded after import = 0
========================================================================
Received Import Request.
  Time since last request: 6.057826 seconds.
  path: Assets/Mini Nature Pack/Models
  artifactKey: Guid(973a2e44d8b63594eb71b09748225dae) Importer(815301076,1909f56bfc062723c751e8b465ee728b)
Start importing Assets/Mini Nature Pack/Models using Guid(973a2e44d8b63594eb71b09748225dae) Importer(815301076,1909f56bfc062723c751e8b465ee728b)  -> (artifact id: '7b2d715b69cde1eacfabfbc461064e0c') in 0.000453 seconds
Number of updated asset objects reloaded before import = 0
Number of asset objects unloaded after import = 0
========================================================================
Received Import Request.
  Time since last request: 3.105309 seconds.
  path: Assets/Mini Nature Pack/Scenery Textures
  artifactKey: Guid(a7b53dd4c9bed764a9f925298cde2847) Importer(815301076,1909f56bfc062723c751e8b465ee728b)
Start importing Assets/Mini Nature Pack/Scenery Textures using Guid(a7b53dd4c9bed764a9f925298cde2847) Importer(815301076,1909f56bfc062723c751e8b465ee728b)  -> (artifact id: 'a647c6c6d287cee1034ceeab51b5b037') in 0.000454 seconds
Number of updated asset objects reloaded before import = 0
Number of asset objects unloaded after import = 0
========================================================================
Received Import Request.
  Time since last request: 2.158974 seconds.
  path: Assets/Mini Nature Pack/Terrain
  artifactKey: Guid(06dcfdb51f0907840b4d4610213e511b) Importer(815301076,1909f56bfc062723c751e8b465ee728b)
Start importing Assets/Mini Nature Pack/Terrain using Guid(06dcfdb51f0907840b4d4610213e511b) Importer(815301076,1909f56bfc062723c751e8b465ee728b)  -> (artifact id: '0432a47a3f6f5d3b5511a3b163005461') in 0.000478 seconds
Number of updated asset objects reloaded before import = 0
Number of asset objects unloaded after import = 0
========================================================================
Received Import Request.
  Time since last request: 1.249735 seconds.
  path: Assets/Mini Nature Pack/Textures
  artifactKey: Guid(3722317bfa1491448be39c765526ccf4) Importer(815301076,1909f56bfc062723c751e8b465ee728b)
Start importing Assets/Mini Nature Pack/Textures using Guid(3722317bfa1491448be39c765526ccf4) Importer(815301076,1909f56bfc062723c751e8b465ee728b)  -> (artifact id: '5c5d7bad72da092da301278a6c3c092f') in 0.000401 seconds
Number of updated asset objects reloaded before import = 0
Number of asset objects unloaded after import = 0
========================================================================
Received Import Request.
  Time since last request: 10.851968 seconds.
  path: Assets/materials
  artifactKey: Guid(78d63b1f3a3037a4989c6b12913a6f26) Importer(815301076,1909f56bfc062723c751e8b465ee728b)
Start importing Assets/materials using Guid(78d63b1f3a3037a4989c6b12913a6f26) Importer(815301076,1909f56bfc062723c751e8b465ee728b)  -> (artifact id: 'fa356acd9cf4af622ffbd2d063a84587') in 0.000481 seconds
Number of updated asset objects reloaded before import = 0
Number of asset objects unloaded after import = 0
========================================================================
Received Import Request.
  Time since last request: 77.284728 seconds.
  path: Assets/materials/hardwood-brown-planks-unity
  artifactKey: Guid(50273e3ba4ef36545a44f94970140b05) Importer(815301076,1909f56bfc062723c751e8b465ee728b)
Start importing Assets/materials/hardwood-brown-planks-unity using Guid(50273e3ba4ef36545a44f94970140b05) Importer(815301076,1909f56bfc062723c751e8b465ee728b)  -> (artifact id: 'd52160cb3c5dcf7e47c4a78931a29201') in 0.000454 seconds
Number of updated asset objects reloaded before import = 0
Number of asset objects unloaded after import = 0
========================================================================
Received Import Request.
  Time since last request: 0.363784 seconds.
  path: Assets/materials/hardwood-brown-planks-unity/hardwood-brown-planks-albedo.png
  artifactKey: Guid(4964e7a9f54c435449582fb5327d6e38) Importer(815301076,1909f56bfc062723c751e8b465ee728b)
Start importing Assets/materials/hardwood-brown-planks-unity/hardwood-brown-planks-albedo.png using Guid(4964e7a9f54c435449582fb5327d6e38) Importer(815301076,1909f56bfc062723c751e8b465ee728b)  -> (artifact id: 'd743bd555c7d2f09c5b4100e76bc24fe') in 0.066572 seconds
Number of updated asset objects reloaded before import = 0
Number of asset objects unloaded after import = 2
========================================================================
Received Import Request.
  Time since last request: 37.521919 seconds.
  path: Assets/materials/oak-wood-bare-unity/oak-wood-bare_ao.png
  artifactKey: Guid(a2307a82c04725e45abc077ca40341bf) Importer(815301076,1909f56bfc062723c751e8b465ee728b)
Start importing Assets/materials/oak-wood-bare-unity/oak-wood-bare_ao.png using Guid(a2307a82c04725e45abc077ca40341bf) Importer(815301076,1909f56bfc062723c751e8b465ee728b)  -> (artifact id: '9e65f0c3437f4dda94d8bc8b9188eab2') in 0.019136 seconds
Number of updated asset objects reloaded before import = 0
Number of asset objects unloaded after import = 2
========================================================================
Received Import Request.
  Time since last request: 0.000014 seconds.
  path: Assets/materials/oak-wood-bare-unity/oak-wood-bare_metallic.psd
  artifactKey: Guid(bd9b04ca84aaf334e98ebda552606ff1) Importer(815301076,1909f56bfc062723c751e8b465ee728b)
Start importing Assets/materials/oak-wood-bare-unity/oak-wood-bare_metallic.psd using Guid(bd9b04ca84aaf334e98ebda552606ff1) Importer(815301076,1909f56bfc062723c751e8b465ee728b)  -> (artifact id: '0aad3dbc608deae37d0c125542d3db4b') in 0.018377 seconds
Number of updated asset objects reloaded before import = 0
Number of asset objects unloaded after import = 2
========================================================================
Received Import Request.
  Time since last request: 24.888598 seconds.
  path: Assets/materials/older-wood-flooring-unity/older-wood-flooring_ao.png
  artifactKey: Guid(f8b117154ae96234581ff2efab8a3ffc) Importer(815301076,1909f56bfc062723c751e8b465ee728b)
Start importing Assets/materials/older-wood-flooring-unity/older-wood-flooring_ao.png using Guid(f8b117154ae96234581ff2efab8a3ffc) Importer(815301076,1909f56bfc062723c751e8b465ee728b)  -> (artifact id: '67dcf7d2bcd6b33939c6340ad822ac55') in 0.019434 seconds
Number of updated asset objects reloaded before import = 0
Number of asset objects unloaded after import = 2
========================================================================
Received Import Request.
  Time since last request: 0.000019 seconds.
  path: Assets/materials/older-wood-flooring-unity/older-wood-flooring_preview.jpg
  artifactKey: Guid(a82dd2bea66f66940a937986d54a1112) Importer(815301076,1909f56bfc062723c751e8b465ee728b)
Start importing Assets/materials/older-wood-flooring-unity/older-wood-flooring_preview.jpg using Guid(a82dd2bea66f66940a937986d54a1112) Importer(815301076,1909f56bfc062723c751e8b465ee728b)  -> (artifact id: 'e0558ae339bd18456edd734105ead0cc') in 0.020290 seconds
Number of updated asset objects reloaded before import = 0
Number of asset objects unloaded after import = 2
========================================================================
Received Import Request.
  Time since last request: 27.941442 seconds.
  path: Assets/materials/saloon-wood-floor-unity/saloon-wood-floor_ao.png
  artifactKey: Guid(d586d0586fa833649bf1cf03867f2f33) Importer(815301076,1909f56bfc062723c751e8b465ee728b)
Start importing Assets/materials/saloon-wood-floor-unity/saloon-wood-floor_ao.png using Guid(d586d0586fa833649bf1cf03867f2f33) Importer(815301076,1909f56bfc062723c751e8b465ee728b)  -> (artifact id: '5cd44c4aaebe92812f4c0b4d4e6c919a') in 0.037337 seconds
Number of updated asset objects reloaded before import = 0
Number of asset objects unloaded after import = 2
========================================================================
Received Import Request.
  Time since last request: 0.000012 seconds.
  path: Assets/materials/saloon-wood-floor-unity/saloon-wood-floor_metallic.psd
  artifactKey: Guid(248ce671e3da1e74281594ae37ec3557) Importer(815301076,1909f56bfc062723c751e8b465ee728b)
Start importing Assets/materials/saloon-wood-floor-unity/saloon-wood-floor_metallic.psd using Guid(248ce671e3da1e74281594ae37ec3557) Importer(815301076,1909f56bfc062723c751e8b465ee728b)  -> (artifact id: '363ccfc7e591d392bded1a4469747f92') in 0.017223 seconds
Number of updated asset objects reloaded before import = 0
Number of asset objects unloaded after import = 2
========================================================================
Received Import Request.
  Time since last request: 1.680349 seconds.
  path: Assets/materials/spotted-rust-unity/spotted-rust_ao.png
  artifactKey: Guid(df56af1cdabd5a440bde14108b51f1a6) Importer(815301076,1909f56bfc062723c751e8b465ee728b)
Start importing Assets/materials/spotted-rust-unity/spotted-rust_ao.png using Guid(df56af1cdabd5a440bde14108b51f1a6) Importer(815301076,1909f56bfc062723c751e8b465ee728b)  -> (artifact id: '97db46889b489804bec423ab9d0df87f') in 0.021162 seconds
Number of updated asset objects reloaded before import = 0
Number of asset objects unloaded after import = 2
========================================================================
Received Import Request.
  Time since last request: 0.000012 seconds.
  path: Assets/materials/spotted-rust-unity/spotted-rust_normal-ogl.png
  artifactKey: Guid(f80be48b3689d2749b0161cd561174e4) Importer(815301076,1909f56bfc062723c751e8b465ee728b)
Start importing Assets/materials/spotted-rust-unity/spotted-rust_normal-ogl.png using Guid(f80be48b3689d2749b0161cd561174e4) Importer(815301076,1909f56bfc062723c751e8b465ee728b)  -> (artifact id: 'b3677c803e59990510a4e5157f1ba939') in 0.020263 seconds
Number of updated asset objects reloaded before import = 0
Number of asset objects unloaded after import = 2
========================================================================
Received Import Request.
  Time since last request: 90.363322 seconds.
  path: Assets/materials/ship over/Ship_Lower_Deck.jpg
  artifactKey: Guid(a3723b9e291afea49a55f02e3130695e) Importer(815301076,1909f56bfc062723c751e8b465ee728b)
Start importing Assets/materials/ship over/Ship_Lower_Deck.jpg using Guid(a3723b9e291afea49a55f02e3130695e) Importer(815301076,1909f56bfc062723c751e8b465ee728b)  -> (artifact id: 'dda8b3c1780697a2e4d8c408395bcbe2') in 0.018389 seconds
Number of updated asset objects reloaded before import = 0
Number of asset objects unloaded after import = 2
========================================================================
Received Import Request.
  Time since last request: 0.000013 seconds.
  path: Assets/materials/ship over/Ship_Top_Deck.jpg
  artifactKey: Guid(488c168ebb5aa0f4485e97b286c2f751) Importer(815301076,1909f56bfc062723c751e8b465ee728b)
Start importing Assets/materials/ship over/Ship_Top_Deck.jpg using Guid(488c168ebb5aa0f4485e97b286c2f751) Importer(815301076,1909f56bfc062723c751e8b465ee728b)  -> (artifact id: '21ba5afa0ea57fa9be7132ca92e1fef9') in 0.016254 seconds
Number of updated asset objects reloaded before import = 0
Number of asset objects unloaded after import = 2
========================================================================
Received Prepare
Begin MonoManager ReloadAssembly
- Loaded All Assemblies, in  1.122 seconds
Refreshing native plugins compatible for Editor in 3.25 ms, found 4 plugins.
Native extension for WindowsStandalone target not found
Native extension for WebGL target not found
[Package Manager] Server::EnsureServerProcessIsRunning -- launch failed, reason: Unity was launched with the -noUpm command-line argument
[Package Manager] UpmClient::Send -- Unable to send message (not connected to UPM process).
[Package Manager] Cannot connect to Unity Package Manager local server
Mono: successfully reloaded assembly
- Finished resetting the current domain, in  0.906 seconds
Domain Reload Profiling: 2024ms
	BeginReloadAssembly (303ms)
		ExecutionOrderSort (0ms)
		DisableScriptedObjects (7ms)
		BackupInstance (0ms)
		ReleaseScriptingObjects (0ms)
		CreateAndSetChildDomain (60ms)
	RebuildCommonClasses (52ms)
	RebuildNativeTypeToScriptingClass (19ms)
	initialDomainReloadingComplete (29ms)
	LoadAllAssembliesAndSetupDomain (714ms)
		LoadAssemblies (878ms)
		RebuildTransferFunctionScriptingTraits (0ms)
		AnalyzeDomain (32ms)
			TypeCache.Refresh (19ms)
				TypeCache.ScanAssembly (12ms)
			ScanForSourceGeneratedMonoScriptInfo (9ms)
			ResolveRequiredComponents (3ms)
	FinalizeReload (906ms)
		ReleaseScriptCaches (0ms)
		RebuildScriptCaches (0ms)
		SetupLoadedEditorAssemblies (426ms)
			LogAssemblyErrors (0ms)
			InitializePlatformSupportModulesInManaged (6ms)
			SetLoadedEditorAssemblies (3ms)
			RefreshPlugins (0ms)
			BeforeProcessingInitializeOnLoad (59ms)
			ProcessInitializeOnLoadAttributes (336ms)
			ProcessInitializeOnLoadMethodAttributes (14ms)
			AfterProcessingInitializeOnLoad (7ms)
			EditorAssembliesLoaded (0ms)
		ExecutionOrderSort2 (0ms)
		AwakeInstancesAfterBackupRestoration (6ms)
Refreshing native plugins compatible for Editor in 3.32 ms, found 4 plugins.
Preloading 0 native plugins for Editor in 0.00 ms.
Unloading 3972 Unused Serialized files (Serialized files now loaded: 0)
Unloading 97 unused Assets / (5.5 MB). Loaded Objects now: 4425.
Memory consumption went from 167.8 MB to 162.2 MB.
Total: 4.288500 ms (FindLiveObjects: 0.245100 ms CreateObjectMapping: 0.111000 ms MarkObjects: 2.541700 ms  DeleteObjects: 1.389900 ms)

Prepare: number of updated asset objects reloaded= 0
AssetImportParameters requested are different than current active one (requested -> active):
  custom:container-demuxer-ogg: 62fdf1f143b41e24485cea50d1cbac27 -> 
  custom:video-decoder-ogg-theora: a1e56fd34408186e4bbccfd4996cb3dc -> 
  custom:framework-win-MediaFoundation: 216162199b28c13a410421893ffa2e32 -> 
  custom:CustomObjectIndexerAttribute: 756ad292c208cfabdd7b50bc23989ffe -> 
  custom:container-demuxer-webm: 4f35f7cbe854078d1ac9338744f61a02 -> 
  custom:container-muxer-webm: aa71ff27fc2769a1b78a27578f13a17b -> 
  custom:video-decoder-webm-vp8: 9c59270c3fd7afecdb556c50c9e8de78 -> 
  custom:SearchIndexIgnoredProperties: e643bd26f0fe6173181afceb89e7c659 -> 
  custom:AudioImporter_EditorPlatform: d09bf68614088b80899f8185d706f6e7 -> 
  custom:video-encoder-webm-vp8: eb34c28f22e8b96e1ab97ce403110664 -> 
  custom:audio-decoder-ogg-vorbis: bf7c407c2cedff20999df2af8eb42d56 -> 
  custom:audio-encoder-webm-vorbis: bf7c407c2cedff20999df2af8eb42d56 -> 
========================================================================
Received Import Request.
  Time since last request: 931.127517 seconds.
  path: Assets/NewLayer 1.terrainlayer
  artifactKey: Guid(a5b94539fcd01af4eaab4e1ba8ed7a49) Importer(815301076,1909f56bfc062723c751e8b465ee728b)
Start importing Assets/NewLayer 1.terrainlayer using Guid(a5b94539fcd01af4eaab4e1ba8ed7a49) Importer(815301076,1909f56bfc062723c751e8b465ee728b)  -> (artifact id: '638acc96f77e2110698c0d15aeccaae1') in 0.055564 seconds
Number of updated asset objects reloaded before import = 0
Number of asset objects unloaded after import = 2
========================================================================
Received Import Request.
  Time since last request: 0.000025 seconds.
  path: Assets/NewLayer.terrainlayer
  artifactKey: Guid(ce17c90bd6bdaac4f98f4c00dd20198f) Importer(815301076,1909f56bfc062723c751e8b465ee728b)
Start importing Assets/NewLayer.terrainlayer using Guid(ce17c90bd6bdaac4f98f4c00dd20198f) Importer(815301076,1909f56bfc062723c751e8b465ee728b)  -> (artifact id: 'bdd82af92c2353299583278d0d5221a1') in 0.011280 seconds
Number of updated asset objects reloaded before import = 0
Number of asset objects unloaded after import = 2
========================================================================
Received Import Request.
  Time since last request: 0.000015 seconds.
  path: Assets/NewLayer 2.terrainlayer
  artifactKey: Guid(e3ec03f22670a0748a9e329c4be5516f) Importer(815301076,1909f56bfc062723c751e8b465ee728b)
Start importing Assets/NewLayer 2.terrainlayer using Guid(e3ec03f22670a0748a9e329c4be5516f) Importer(815301076,1909f56bfc062723c751e8b465ee728b)  -> (artifact id: 'edf8baf61fbb63bfa7a3bc7a2ecf6677') in 0.011600 seconds
Number of updated asset objects reloaded before import = 0
Number of asset objects unloaded after import = 2
========================================================================
Received Prepare
Begin MonoManager ReloadAssembly
- Loaded All Assemblies, in  0.436 seconds
Refreshing native plugins compatible for Editor in 3.18 ms, found 4 plugins.
Native extension for WindowsStandalone target not found
Native extension for WebGL target not found
[Package Manager] Server::EnsureServerProcessIsRunning -- launch failed, reason: Unity was launched with the -noUpm command-line argument
[Package Manager] UpmClient::Send -- Unable to send message (not connected to UPM process).
[Package Manager] Cannot connect to Unity Package Manager local server
Mono: successfully reloaded assembly
- Finished resetting the current domain, in  0.891 seconds
Domain Reload Profiling: 1324ms
	BeginReloadAssembly (128ms)
		ExecutionOrderSort (0ms)
		DisableScriptedObjects (3ms)
		BackupInstance (0ms)
		ReleaseScriptingObjects (0ms)
		CreateAndSetChildDomain (27ms)
	RebuildCommonClasses (26ms)
	RebuildNativeTypeToScriptingClass (8ms)
	initialDomainReloadingComplete (23ms)
	LoadAllAssembliesAndSetupDomain (247ms)
		LoadAssemblies (239ms)
		RebuildTransferFunctionScriptingTraits (0ms)
		AnalyzeDomain (75ms)
			TypeCache.Refresh (58ms)
				TypeCache.ScanAssembly (49ms)
			ScanForSourceGeneratedMonoScriptInfo (12ms)
			ResolveRequiredComponents (4ms)
	FinalizeReload (891ms)
		ReleaseScriptCaches (0ms)
		RebuildScriptCaches (0ms)
		SetupLoadedEditorAssemblies (394ms)
			LogAssemblyErrors (0ms)
			InitializePlatformSupportModulesInManaged (6ms)
			SetLoadedEditorAssemblies (4ms)
			RefreshPlugins (0ms)
			BeforeProcessingInitializeOnLoad (63ms)
			ProcessInitializeOnLoadAttributes (295ms)
			ProcessInitializeOnLoadMethodAttributes (19ms)
			AfterProcessingInitializeOnLoad (7ms)
			EditorAssembliesLoaded (0ms)
		ExecutionOrderSort2 (0ms)
		AwakeInstancesAfterBackupRestoration (5ms)
Refreshing native plugins compatible for Editor in 3.23 ms, found 4 plugins.
Preloading 0 native plugins for Editor in 0.00 ms.
Unloading 3972 Unused Serialized files (Serialized files now loaded: 0)
Unloading 98 unused Assets / (5.5 MB). Loaded Objects now: 4431.
Memory consumption went from 172.2 MB to 166.7 MB.
Total: 3.653900 ms (FindLiveObjects: 0.220500 ms CreateObjectMapping: 0.111500 ms MarkObjects: 1.962000 ms  DeleteObjects: 1.359000 ms)

Prepare: number of updated asset objects reloaded= 0
AssetImportParameters requested are different than current active one (requested -> active):
  custom:container-demuxer-ogg: 62fdf1f143b41e24485cea50d1cbac27 -> 
  custom:video-decoder-ogg-theora: a1e56fd34408186e4bbccfd4996cb3dc -> 
  custom:framework-win-MediaFoundation: 216162199b28c13a410421893ffa2e32 -> 
  custom:CustomObjectIndexerAttribute: 756ad292c208cfabdd7b50bc23989ffe -> 
  custom:container-demuxer-webm: 4f35f7cbe854078d1ac9338744f61a02 -> 
  custom:container-muxer-webm: aa71ff27fc2769a1b78a27578f13a17b -> 
  custom:video-decoder-webm-vp8: 9c59270c3fd7afecdb556c50c9e8de78 -> 
  custom:SearchIndexIgnoredProperties: e643bd26f0fe6173181afceb89e7c659 -> 
  custom:AudioImporter_EditorPlatform: d09bf68614088b80899f8185d706f6e7 -> 
  custom:video-encoder-webm-vp8: eb34c28f22e8b96e1ab97ce403110664 -> 
  custom:audio-decoder-ogg-vorbis: bf7c407c2cedff20999df2af8eb42d56 -> 
  custom:audio-encoder-webm-vorbis: bf7c407c2cedff20999df2af8eb42d56 -> 
========================================================================
Received Import Request.
  Time since last request: 2692.695423 seconds.
  path: Assets/materials/older-wood-flooring-unity/older-wood-flooring_ao.png
  artifactKey: Guid(f8b117154ae96234581ff2efab8a3ffc) Importer(815301076,1909f56bfc062723c751e8b465ee728b)
Start importing Assets/materials/older-wood-flooring-unity/older-wood-flooring_ao.png using Guid(f8b117154ae96234581ff2efab8a3ffc) Importer(815301076,1909f56bfc062723c751e8b465ee728b)  -> (artifact id: '6e35e1a9c16ba7937fc026504849adb9') in 0.057060 seconds
Number of updated asset objects reloaded before import = 0
Number of asset objects unloaded after import = 2
========================================================================
Received Import Request.
  Time since last request: 0.000019 seconds.
  path: Assets/materials/older-wood-flooring-unity/older-wood-flooring_preview.jpg
  artifactKey: Guid(a82dd2bea66f66940a937986d54a1112) Importer(815301076,1909f56bfc062723c751e8b465ee728b)
Start importing Assets/materials/older-wood-flooring-unity/older-wood-flooring_preview.jpg using Guid(a82dd2bea66f66940a937986d54a1112) Importer(815301076,1909f56bfc062723c751e8b465ee728b)  -> (artifact id: 'b233641efa205df6c24b1f1483d1f6e6') in 0.036775 seconds
Number of updated asset objects reloaded before import = 0
Number of asset objects unloaded after import = 2
========================================================================
Received Import Request.
  Time since last request: 0.000030 seconds.
  path: Assets/materials/older-wood-flooring-unity/older-wood-flooring_metallic.psd
  artifactKey: Guid(90283d728c9b6624ca2e5b738ebb00de) Importer(815301076,1909f56bfc062723c751e8b465ee728b)
Start importing Assets/materials/older-wood-flooring-unity/older-wood-flooring_metallic.psd using Guid(90283d728c9b6624ca2e5b738ebb00de) Importer(815301076,1909f56bfc062723c751e8b465ee728b)  -> (artifact id: 'ee781a6ab3005f0f89c4e883bdd73314') in 0.021536 seconds
Number of updated asset objects reloaded before import = 0
Number of asset objects unloaded after import = 2
Editor requested this worker to shutdown with reason: Scaling down because of idle timeout
TcpMessagingSession - receive error: operation aborted. errorcode: 995, details: The I/O operation has been aborted because of either a thread exit or an application request.
AssetImportWorker is now disconnected from the server
Process exiting
Exiting without the bug reporter. Application will terminate with return code 0